2018-01-03 16:48:54,315 [1] INFO  SandBox.Program Main - =============================================================================================
2018-01-03 16:48:54,340 [1] INFO  SandBox.Program Main - Program.Main() Execution
2018-01-03 16:48:54,351 [1] INFO  SandBox.Program Main - urlApplication=http://localhost/safeware/telemaque_new/
2018-01-03 16:48:54,351 [1] INFO  SandBox.Program Main - nomApplication=TELEMAQUE
2018-01-03 16:48:54,437 [1] INFO  SandBox.Program .ctor - [MAIN] init config log4net
2018-01-03 16:48:54,447 [1] INFO  SandBox.Program .ctor - [MAIN] recup url application ico
2018-01-03 16:48:54,451 [1] INFO  SandBox.Program RecupererUrl - [MAIN] RecupererUrl() [DEBUT]
2018-01-03 16:48:54,454 [1] INFO  SandBox.Program RecupererUrl - [MAIN] RecupererUrl() [FIN] - URL:http://localhost/safeware/telemaque_new/
2018-01-03 16:48:54,455 [1] INFO  SandBox.Program RecupererNomApplication - [MAIN] RecupererNomApplication() [DEBUT]
2018-01-03 16:48:54,456 [1] INFO  SandBox.Program RecupererNomApplication - [MAIN] RecupererNomApplication() [FIN] - Nom Application : TELEMAQUE
2018-01-03 16:48:54,486 [1] INFO  SandBox.Program MiseEnPlaceRaccourcis - [MAIN] MiseEnPlaceRaccourcis() - user.config = C:\Users\Mathias\AppData\Local\Safeware\TELEMAQUE_-_UnisBox.exe_Url_whdkfzl5hqa5cn4u5k4ridulpe2ppkjs\1.0.8.98\user.config
2018-01-03 16:48:54,694 [1] DEBUG SandBox.Main webBrowser_Navigated - URL=about:blank
2018-01-03 16:48:54,866 [1] INFO  SandBox.Program RecupererIcone - [MAIN] RecupererIcone() [DEBUT]
2018-01-03 16:48:54,877 [1] ERROR SandBox.Program RecupererIcone - [MAIN] RecupererIcone() [ERROR] - System.Net.WebException: Impossible de trouver le fichier 'C:\Users\Mathias\AppData\Local\Temp\Telemaque_ico.ico'. ---> System.Net.WebException: Impossible de trouver le fichier 'C:\Users\Mathias\AppData\Local\Temp\Telemaque_ico.ico'. ---> System.IO.FileNotFoundException: Impossible de trouver le fichier 'C:\Users\Mathias\AppData\Local\Temp\Telemaque_ico.ico'.
Nom du fichier : 'C:\Users\Mathias\AppData\Local\Temp\Telemaque_ico.ico'
   à System.IO.__Error.WinIOError(Int32 errorCode, String maybeFullPath)
   à System.IO.FileStream.Init(String path, FileMode mode, FileAccess access, Int32 rights, Boolean useRights, FileShare share, Int32 bufferSize, FileOptions options, SECURITY_ATTRIBUTES secAttrs, String msgPath, Boolean bFromProxy)
   à System.IO.FileStream..ctor(String path, FileMode mode, FileAccess access, FileShare share, Int32 bufferSize, FileOptions options, String msgPath, Boolean bFromProxy)
   à System.Net.FileWebStream..ctor(FileWebRequest request, String path, FileMode mode, FileAccess access, FileShare sharing, Int32 length, Boolean async)
   à System.Net.FileWebResponse..ctor(FileWebRequest request, Uri uri, FileAccess access, Boolean asyncHint)
   --- Fin de la trace de la pile d'exception interne ---
   à System.Net.FileWebResponse..ctor(FileWebRequest request, Uri uri, FileAccess access, Boolean asyncHint)
   à System.Net.FileWebRequest.GetResponseCallback(Object state)
   --- Fin de la trace de la pile d'exception interne ---
   à System.Net.FileWebRequest.EndGetResponse(IAsyncResult asyncResult)
   à System.Net.FileWebRequest.GetResponse()
   à SandBox.Main.RecupererIcone() dans D:\ZwDev\SandBox\SandBox\Main.cs:ligne 984
2018-01-03 16:48:54,884 [1] INFO  SandBox.Program RecupererVersion - [MAIN] RecupererVersion() [DEBUT]
2018-01-03 16:48:55,093 [1] DEBUG SandBox.Main webBrowser_Navigated - URL=http://localhost/safeware/telemaque_new//ChangeLog.txt
2018-01-03 16:48:55,231 [1] INFO  SandBox.Program RecupererVersion - [MAIN] RecupererVersion() [FIN] - Version 1.9.3
2018-01-03 16:48:55,251 [1] INFO  SandBox.Program RecupererPeripheriques - [Main] RecupererPeripheriques() - [DEBUT]
2018-01-03 16:48:55,258 [1] INFO  SandBox.Program TraiterXML - [PeripheriqueManager] TraiterXML() - [DEBUT] Traitement de la liste des periphériques
2018-01-03 16:48:55,263 [1] INFO  SandBox.Program DownloadXML - [PeripheriqueManager] DownloadXML() - [DEBUT] Telechargement xml [DIDEROT]
2018-01-03 16:48:55,411 [1] DEBUG SandBox.Main webBrowser_Navigated - URL=http://localhost/safeware/telemaque_new/devices/devices.asp?machine=DIDEROT
2018-01-03 16:48:55,549 [1] INFO  SandBox.Program DownloadXML - [PeripheriqueManager] DownloadXML() - [FIN] Telechargement xml termine
2018-01-03 16:48:55,549 [1] INFO  SandBox.Program TraiterXML - [PeripheriqueManager] TraiterXML() - [FIN] Traitement de la liste des periphériques terminé
2018-01-03 16:48:55,550 [1] INFO  SandBox.Program RecupererPeripheriques - [Main] RecupererPeripheriques() - Liste des peripherique:
2018-01-03 16:48:55,551 [1] INFO  SandBox.Program afficher - [PeripheriqueInfos]  Nom:Lecteur Ecran Clavier | type_port:PS2 | bit_seconde:0 | bit_donnees:0 | parite: | bit_arret: | controle_flux: | port: | webservice:http://localhost/safeware/ws_unis/WSDEVICE.asmx/ | ws_username:safeware | ws_password:B5Pxqukr9unnSk6/i6423Q== | traitement:BADGE | avant: | apres: | debut:0 | longueur:0 | longueur_max:0 | decoupe:0 | conversion:0
2018-01-03 16:48:55,552 [1] INFO  SandBox.Program afficher - [PeripheriqueInfos]  Nom:SWISS READER | type_port:PS2 | bit_seconde:0 | bit_donnees:0 | parite: | bit_arret: | controle_flux: | port: | webservice:http://localhost/safeware/ws_unis/WSDEVICE.asmx/ | ws_username:safeware | ws_password:B5Pxqukr9unnSk6/i6423Q== | traitement:SWISS_READER | avant: | apres: | debut:0 | longueur:0 | longueur_max:0 | decoupe:0 | conversion:0
2018-01-03 16:48:55,554 [1] INFO  SandBox.Program RecupererPeripheriques - [Main] RecupererPeripheriques() - [FIN] Récuperation périphériques terminée
2018-01-03 16:48:56,001 [1] DEBUG SandBox.Main webBrowser_Navigated - URL=http://localhost/safeware/telemaque_new/gestion/login.asp?machine=Diderot
2018-01-03 16:48:56,002 [1] INFO  SandBox.Main webBrowser_Navigated - MachineName = DIDEROT
2018-01-03 16:48:56,174 [1] DEBUG SandBox.Main webBrowser_Navigated - URL=http://localhost/safeware/telemaque_new/gestion/login.asp?machine=DIDEROT&sandbox=true
2018-01-03 16:49:03,161 [1] DEBUG SandBox.Main webBrowser_Navigated - URL=http://localhost/safeware/telemaque_new/gestion/liste_accueil.asp
2018-01-03 16:49:03,648 [1] DEBUG SandBox.Main webBrowser_Navigated - URL=http://localhost/safeware/telemaque_new/gestion/liste_accueil.asp
2018-01-03 16:49:08,104 [1] DEBUG SandBox.Main webBrowser_Navigated - URL=http://localhost/safeware/telemaque_new/index.asp?quit=true
