2018-01-12 10:31:26,138 [1] INFO  SandBox.Program Main - =============================================================================================
2018-01-12 10:31:26,174 [1] INFO  SandBox.Program Main - Program.Main() Execution
2018-01-12 10:31:26,288 [1] INFO  SandBox.Program Main - urlApplication=http://localhost/safeware/telemaque_new/
2018-01-12 10:31:26,289 [1] INFO  SandBox.Program Main - nomApplication=TELEMAQUE
2018-01-12 10:31:26,429 [1] INFO  SandBox.Program .ctor - [MAIN] init config log4net
2018-01-12 10:31:26,438 [1] INFO  SandBox.Program .ctor - [MAIN] recup url application ico
2018-01-12 10:31:26,445 [1] INFO  SandBox.Program RecupererUrl - [MAIN] RecupererUrl() [DEBUT]
2018-01-12 10:31:26,445 [1] INFO  SandBox.Program RecupererUrl - [MAIN] RecupererUrl() [FIN] - URL:http://localhost/safeware/telemaque_new/
2018-01-12 10:31:26,447 [1] INFO  SandBox.Program RecupererNomApplication - [MAIN] RecupererNomApplication() [DEBUT]
2018-01-12 10:31:26,448 [1] INFO  SandBox.Program RecupererNomApplication - [MAIN] RecupererNomApplication() [FIN] - Nom Application : TELEMAQUE
2018-01-12 10:31:26,522 [1] INFO  SandBox.Program MiseEnPlaceRaccourcis - [MAIN] MiseEnPlaceRaccourcis() - user.config = C:\Users\Mathias\AppData\Local\Safeware\TELEMAQUE_-_UnisBox.exe_Url_whdkfzl5hqa5cn4u5k4ridulpe2ppkjs\1.0.8.98\user.config
2018-01-12 10:31:26,620 [1] DEBUG SandBox.Main webBrowser_Navigated - URL=about:blank
2018-01-12 10:31:26,740 [1] INFO  SandBox.Program webBrowser_DocumentCompleted - document completed=about:blank
2018-01-12 10:31:43,502 [1] DEBUG SandBox.Main webBrowser_Navigated - URL=http://localhost/safeware/telemaque_new/gestion/erreur.asp?message=[Microsoft][ODBC+SQL+Server+Driver][DBNETLIB]Ce+serveur+SQL+n'existe+pas+ou+son+accès+est+refusé.&class=error&lib=Rafraichir&bouton=../default.aspx&image=rafraichir
2018-01-12 10:31:43,552 [1] INFO  SandBox.Program webBrowser_DocumentCompleted - document completed=http://localhost/safeware/telemaque_new/gestion/erreur.asp?message=[Microsoft][ODBC+SQL+Server+Driver][DBNETLIB]Ce+serveur+SQL+n'existe+pas+ou+son+accès+est+refusé.&class=error&lib=Rafraichir&bouton=../default.aspx&image=rafraichir
2018-01-12 10:32:57,825 [1] INFO  SandBox.Program Main - =============================================================================================
2018-01-12 10:32:57,852 [1] INFO  SandBox.Program Main - Program.Main() Execution
2018-01-12 10:32:57,877 [1] INFO  SandBox.Program Main - urlApplication=http://localhost/safeware/telemaque_new/
2018-01-12 10:32:57,878 [1] INFO  SandBox.Program Main - nomApplication=TELEMAQUE
2018-01-12 10:32:57,995 [1] INFO  SandBox.Program .ctor - [MAIN] init config log4net
2018-01-12 10:32:58,005 [1] INFO  SandBox.Program .ctor - [MAIN] recup url application ico
2018-01-12 10:32:58,047 [1] INFO  SandBox.Program RecupererUrl - [MAIN] RecupererUrl() [DEBUT]
2018-01-12 10:32:58,048 [1] INFO  SandBox.Program RecupererUrl - [MAIN] RecupererUrl() [FIN] - URL:http://localhost/safeware/telemaque_new/
2018-01-12 10:32:58,051 [1] INFO  SandBox.Program RecupererNomApplication - [MAIN] RecupererNomApplication() [DEBUT]
2018-01-12 10:32:58,051 [1] INFO  SandBox.Program RecupererNomApplication - [MAIN] RecupererNomApplication() [FIN] - Nom Application : TELEMAQUE
2018-01-12 10:32:58,106 [1] INFO  SandBox.Program MiseEnPlaceRaccourcis - [MAIN] MiseEnPlaceRaccourcis() - user.config = C:\Users\Mathias\AppData\Local\Safeware\TELEMAQUE_-_UnisBox.exe_Url_whdkfzl5hqa5cn4u5k4ridulpe2ppkjs\1.0.8.98\user.config
2018-01-12 10:32:58,200 [1] DEBUG SandBox.Main webBrowser_Navigated - URL=about:blank
2018-01-12 10:32:58,302 [1] INFO  SandBox.Program webBrowser_DocumentCompleted - document completed=about:blank
2018-01-12 10:33:14,967 [1] DEBUG SandBox.Main webBrowser_Navigated - URL=http://localhost/safeware/telemaque_new/gestion/erreur.asp?message=[Microsoft][ODBC+SQL+Server+Driver][DBNETLIB]Ce+serveur+SQL+n'existe+pas+ou+son+accès+est+refusé.&class=error&lib=Rafraichir&bouton=../default.aspx&image=rafraichir
2018-01-12 10:33:14,990 [1] INFO  SandBox.Program webBrowser_DocumentCompleted - document completed=http://localhost/safeware/telemaque_new/gestion/erreur.asp?message=[Microsoft][ODBC+SQL+Server+Driver][DBNETLIB]Ce+serveur+SQL+n'existe+pas+ou+son+accès+est+refusé.&class=error&lib=Rafraichir&bouton=../default.aspx&image=rafraichir
2018-01-12 10:35:38,713 [1] INFO  SandBox.Program Main - =============================================================================================
2018-01-12 10:35:38,741 [1] INFO  SandBox.Program Main - Program.Main() Execution
2018-01-12 10:35:38,765 [1] INFO  SandBox.Program Main - urlApplication=http://localhost/safeware/telemaque_new/
2018-01-12 10:35:38,766 [1] INFO  SandBox.Program Main - nomApplication=TELEMAQUE
2018-01-12 10:35:38,862 [1] INFO  SandBox.Program .ctor - [MAIN] init config log4net
2018-01-12 10:35:38,871 [1] INFO  SandBox.Program .ctor - [MAIN] recup url application ico
2018-01-12 10:35:38,901 [1] INFO  SandBox.Program RecupererUrl - [MAIN] RecupererUrl() [DEBUT]
2018-01-12 10:35:38,902 [1] INFO  SandBox.Program RecupererUrl - [MAIN] RecupererUrl() [FIN] - URL:http://localhost/safeware/telemaque_new/
2018-01-12 10:35:38,904 [1] INFO  SandBox.Program RecupererNomApplication - [MAIN] RecupererNomApplication() [DEBUT]
2018-01-12 10:35:38,904 [1] INFO  SandBox.Program RecupererNomApplication - [MAIN] RecupererNomApplication() [FIN] - Nom Application : TELEMAQUE
2018-01-12 10:35:38,991 [1] INFO  SandBox.Program MiseEnPlaceRaccourcis - [MAIN] MiseEnPlaceRaccourcis() - user.config = C:\Users\Mathias\AppData\Local\Safeware\TELEMAQUE_-_UnisBox.exe_Url_whdkfzl5hqa5cn4u5k4ridulpe2ppkjs\1.0.8.98\user.config
2018-01-12 10:35:39,078 [1] DEBUG SandBox.Main webBrowser_Navigated - URL=about:blank
2018-01-12 10:35:39,177 [1] INFO  SandBox.Program webBrowser_DocumentCompleted - document completed=about:blank
2018-01-12 10:35:55,804 [1] DEBUG SandBox.Main webBrowser_Navigated - URL=http://localhost/safeware/telemaque_new/gestion/erreur.asp?message=[Microsoft][ODBC+SQL+Server+Driver][DBNETLIB]Ce+serveur+SQL+n'existe+pas+ou+son+accès+est+refusé.&class=error&lib=Rafraichir&bouton=../default.aspx&image=rafraichir
2018-01-12 10:35:55,830 [1] INFO  SandBox.Program webBrowser_DocumentCompleted - document completed=http://localhost/safeware/telemaque_new/gestion/erreur.asp?message=[Microsoft][ODBC+SQL+Server+Driver][DBNETLIB]Ce+serveur+SQL+n'existe+pas+ou+son+accès+est+refusé.&class=error&lib=Rafraichir&bouton=../default.aspx&image=rafraichir
2018-01-12 10:36:00,331 [1] INFO  SandBox.Program RecupererPeripheriques - [Main] RecupererPeripheriques() - [DEBUT]
2018-01-12 10:36:00,339 [1] INFO  SandBox.Program TraiterXML - [PeripheriqueManager] TraiterXML() - [DEBUT] Traitement de la liste des periphériques
2018-01-12 10:36:00,344 [1] INFO  SandBox.Program DownloadXML - [PeripheriqueManager] DownloadXML() - [DEBUT] Telechargement xml [DIDEROT]
2018-01-12 10:36:17,003 [1] DEBUG SandBox.Main webBrowser_Navigated - URL=http://localhost/safeware/telemaque_new/gestion/erreur.asp?message=[Microsoft][ODBC+SQL+Server+Driver][DBNETLIB]Ce+serveur+SQL+n'existe+pas+ou+son+accès+est+refusé.&class=error&lib=Rafraichir&bouton=../default.aspx&image=rafraichir
2018-01-12 10:36:17,019 [1] INFO  SandBox.Program webBrowser_DocumentCompleted - document completed=http://localhost/safeware/telemaque_new/gestion/erreur.asp?message=[Microsoft][ODBC+SQL+Server+Driver][DBNETLIB]Ce+serveur+SQL+n'existe+pas+ou+son+accès+est+refusé.&class=error&lib=Rafraichir&bouton=../default.aspx&image=rafraichir
2018-01-12 10:36:17,090 [1] ERROR SandBox.Program DownloadXML - System.Xml.XmlException: Données non valides au niveau racine. Ligne 1, position 1.
   à System.Xml.XmlTextReaderImpl.Throw(Exception e)
   à System.Xml.XmlTextReaderImpl.Throw(String res, String arg)
   à System.Xml.XmlTextReaderImpl.ParseRootLevelWhitespace()
   à System.Xml.XmlTextReaderImpl.ParseDocumentContent()
   à System.Xml.XmlTextReaderImpl.Read()
   à System.Xml.XmlLoader.Load(XmlDocument doc, XmlReader reader, Boolean preserveWhitespace)
   à System.Xml.XmlDocument.Load(XmlReader reader)
   à System.Xml.XmlDocument.LoadXml(String xml)
   à SandBox.PeripheriqueManager.DownloadXML() dans D:\ZwDev\SandBox\SandBox\GestionPeripheriques\PeripheriqueManager.cs:ligne 99
2018-01-12 10:36:20,115 [1] INFO  SandBox.Program DownloadXML - [PeripheriqueManager] DownloadXML() - [FIN] Erreur de TelechargementSystem.IO.FileNotFoundException: Impossible de trouver le fichier 'C:\Users\Mathias\AppData\Local\Temp\telemaque_new_devices.xml'.
Nom du fichier : 'C:\Users\Mathias\AppData\Local\Temp\telemaque_new_devices.xml'
   à System.IO.__Error.WinIOError(Int32 errorCode, String maybeFullPath)
   à System.IO.FileStream.Init(String path, FileMode mode, FileAccess access, Int32 rights, Boolean useRights, FileShare share, Int32 bufferSize, FileOptions options, SECURITY_ATTRIBUTES secAttrs, String msgPath, Boolean bFromProxy)
   à System.IO.FileStream..ctor(String path, FileMode mode, FileAccess access, FileShare share, Int32 bufferSize)
   à System.Xml.XmlDownloadManager.GetStream(Uri uri, ICredentials credentials)
   à System.Xml.XmlUrlResolver.GetEntity(Uri absoluteUri, String role, Type ofObjectToReturn)
   à System.Xml.XmlReader.Create(String inputUri, XmlReaderSettings settings, XmlParserContext inputContext)
   à System.Xml.XmlReader.Create(String inputUri, XmlReaderSettings settings)
   à SandBox.PeripheriqueManager.DownloadXML() dans D:\ZwDev\SandBox\SandBox\GestionPeripheriques\PeripheriqueManager.cs:ligne 120
2018-01-12 10:36:20,931 [1] ERROR SandBox.Program TraiterXML - System.NullReferenceException: La référence d'objet n'est pas définie à une instance d'un objet.
   à SandBox.PeripheriqueManager.TraiterXML() dans D:\ZwDev\SandBox\SandBox\GestionPeripheriques\PeripheriqueManager.cs:ligne 147
2018-01-12 10:36:20,932 [1] INFO  SandBox.Program TraiterXML - [PeripheriqueManager] TraiterXML() - [FIN] Traitement de la liste des periphériques terminé
2018-01-12 10:36:20,933 [1] INFO  SandBox.Program RecupererPeripheriques - [Main] RecupererPeripheriques() - Liste des peripherique:
2018-01-12 10:36:20,935 [1] INFO  SandBox.Program RecupererPeripheriques - [Main] RecupererPeripheriques() - [FIN] Récuperation périphériques terminée
2018-01-12 10:36:21,807 [1] DEBUG SandBox.Main webBrowser_Navigated - URL=http://localhost/safeware/telemaque_new/gestion/erreur.asp?message=[Microsoft][ODBC+SQL+Server+Driver][DBNETLIB]Ce+serveur+SQL+n'existe+pas+ou+son+accès+est+refusé.&class=error&lib=Rafraichir&bouton=../default.aspx&image=rafraichir
2018-01-12 10:36:21,825 [1] INFO  SandBox.Program webBrowser_DocumentCompleted - document completed=http://localhost/safeware/telemaque_new/gestion/erreur.asp?message=[Microsoft][ODBC+SQL+Server+Driver][DBNETLIB]Ce+serveur+SQL+n'existe+pas+ou+son+accès+est+refusé.&class=error&lib=Rafraichir&bouton=../default.aspx&image=rafraichir
2018-01-12 10:39:36,186 [1] INFO  SandBox.Program Main - =============================================================================================
2018-01-12 10:39:36,215 [1] INFO  SandBox.Program Main - Program.Main() Execution
2018-01-12 10:39:36,245 [1] INFO  SandBox.Program Main - urlApplication=http://localhost/safeware/telemaque_new/
2018-01-12 10:39:36,245 [1] INFO  SandBox.Program Main - nomApplication=TELEMAQUE
2018-01-12 10:39:36,340 [1] INFO  SandBox.Program .ctor - [MAIN] init config log4net
2018-01-12 10:39:36,350 [1] INFO  SandBox.Program .ctor - [MAIN] recup url application ico
2018-01-12 10:39:36,357 [1] INFO  SandBox.Program RecupererUrl - [MAIN] RecupererUrl() [DEBUT]
2018-01-12 10:39:36,357 [1] INFO  SandBox.Program RecupererUrl - [MAIN] RecupererUrl() [FIN] - URL:http://localhost/safeware/telemaque_new/
2018-01-12 10:39:36,359 [1] INFO  SandBox.Program RecupererNomApplication - [MAIN] RecupererNomApplication() [DEBUT]
2018-01-12 10:39:36,360 [1] INFO  SandBox.Program RecupererNomApplication - [MAIN] RecupererNomApplication() [FIN] - Nom Application : TELEMAQUE
2018-01-12 10:39:36,421 [1] INFO  SandBox.Program MiseEnPlaceRaccourcis - [MAIN] MiseEnPlaceRaccourcis() - user.config = C:\Users\Mathias\AppData\Local\Safeware\TELEMAQUE_-_UnisBox.exe_Url_whdkfzl5hqa5cn4u5k4ridulpe2ppkjs\1.0.8.98\user.config
2018-01-12 10:39:36,516 [1] DEBUG SandBox.Main webBrowser_Navigated - URL=about:blank
2018-01-12 10:39:36,621 [1] INFO  SandBox.Program webBrowser_DocumentCompleted - document completed=about:blank
2018-01-12 10:39:52,326 [1] DEBUG SandBox.Main webBrowser_Navigated - URL=http://localhost/safeware/telemaque_new/gestion/erreur.asp?message=[Microsoft][ODBC+SQL+Server+Driver][DBNETLIB]Ce+serveur+SQL+n'existe+pas+ou+son+accès+est+refusé.&class=error&lib=Rafraichir&bouton=../default.aspx&image=rafraichir
2018-01-12 10:39:52,351 [1] INFO  SandBox.Program webBrowser_DocumentCompleted - document completed=http://localhost/safeware/telemaque_new/gestion/erreur.asp?message=[Microsoft][ODBC+SQL+Server+Driver][DBNETLIB]Ce+serveur+SQL+n'existe+pas+ou+son+accès+est+refusé.&class=error&lib=Rafraichir&bouton=../default.aspx&image=rafraichir
2018-01-12 10:58:53,898 [1] INFO  SandBox.Program Main - =============================================================================================
2018-01-12 10:58:53,927 [1] INFO  SandBox.Program Main - Program.Main() Execution
2018-01-12 10:58:53,973 [1] INFO  SandBox.Program Main - urlApplication=http://localhost/safeware/telemaque_new/
2018-01-12 10:58:53,973 [1] INFO  SandBox.Program Main - nomApplication=TELEMAQUE
2018-01-12 10:58:54,074 [1] INFO  SandBox.Program .ctor - [MAIN] init config log4net
2018-01-12 10:58:54,087 [1] INFO  SandBox.Program .ctor - [MAIN] recup url application ico
2018-01-12 10:58:54,095 [1] INFO  SandBox.Program RecupererUrl - [MAIN] RecupererUrl() [DEBUT]
2018-01-12 10:58:54,096 [1] INFO  SandBox.Program RecupererUrl - [MAIN] RecupererUrl() [FIN] - URL:http://localhost/safeware/telemaque_new/
2018-01-12 10:58:54,099 [1] INFO  SandBox.Program RecupererNomApplication - [MAIN] RecupererNomApplication() [DEBUT]
2018-01-12 10:58:54,100 [1] INFO  SandBox.Program RecupererNomApplication - [MAIN] RecupererNomApplication() [FIN] - Nom Application : TELEMAQUE
2018-01-12 10:58:54,179 [1] INFO  SandBox.Program MiseEnPlaceRaccourcis - [MAIN] MiseEnPlaceRaccourcis() - user.config = C:\Users\Mathias\AppData\Local\Safeware\TELEMAQUE_-_UnisBox.exe_Url_whdkfzl5hqa5cn4u5k4ridulpe2ppkjs\1.0.8.98\user.config
2018-01-12 10:58:54,342 [1] DEBUG SandBox.Main webBrowser_Navigated - URL=about:blank
2018-01-12 10:58:54,456 [1] INFO  SandBox.Program webBrowser_DocumentCompleted - document completed=about:blank
2018-01-12 10:59:42,119 [1] DEBUG SandBox.Main webBrowser_Navigated - URL=http://localhost/safeware/telemaque_new/gestion/erreur.asp?message=[Microsoft][ODBC+SQL+Server+Driver][DBNETLIB]Ce+serveur+SQL+n'existe+pas+ou+son+accès+est+refusé.&class=error&lib=Rafraichir&bouton=../default.aspx&image=rafraichir
2018-01-12 10:59:42,138 [1] INFO  SandBox.Program webBrowser_DocumentCompleted - document completed=http://localhost/safeware/telemaque_new/gestion/erreur.asp?message=[Microsoft][ODBC+SQL+Server+Driver][DBNETLIB]Ce+serveur+SQL+n'existe+pas+ou+son+accès+est+refusé.&class=error&lib=Rafraichir&bouton=../default.aspx&image=rafraichir
2018-01-12 11:01:06,513 [1] INFO  SandBox.Program Main - =============================================================================================
2018-01-12 11:01:06,540 [1] INFO  SandBox.Program Main - Program.Main() Execution
2018-01-12 11:01:06,563 [1] INFO  SandBox.Program Main - urlApplication=http://localhost/safeware/telemaque_new/
2018-01-12 11:01:06,564 [1] INFO  SandBox.Program Main - nomApplication=TELEMAQUE
2018-01-12 11:01:06,655 [1] INFO  SandBox.Program .ctor - [MAIN] init config log4net
2018-01-12 11:01:06,665 [1] INFO  SandBox.Program .ctor - [MAIN] recup url application ico
2018-01-12 11:01:06,692 [1] INFO  SandBox.Program RecupererUrl - [MAIN] RecupererUrl() [DEBUT]
2018-01-12 11:01:06,693 [1] INFO  SandBox.Program RecupererUrl - [MAIN] RecupererUrl() [FIN] - URL:http://localhost/safeware/telemaque_new/
2018-01-12 11:01:06,701 [1] INFO  SandBox.Program RecupererNomApplication - [MAIN] RecupererNomApplication() [DEBUT]
2018-01-12 11:01:06,703 [1] INFO  SandBox.Program RecupererNomApplication - [MAIN] RecupererNomApplication() [FIN] - Nom Application : TELEMAQUE
2018-01-12 11:01:06,767 [1] INFO  SandBox.Program MiseEnPlaceRaccourcis - [MAIN] MiseEnPlaceRaccourcis() - user.config = C:\Users\Mathias\AppData\Local\Safeware\TELEMAQUE_-_UnisBox.exe_Url_whdkfzl5hqa5cn4u5k4ridulpe2ppkjs\1.0.8.98\user.config
2018-01-12 11:01:06,908 [1] DEBUG SandBox.Main webBrowser_Navigated - URL=about:blank
2018-01-12 11:01:07,085 [1] INFO  SandBox.Program webBrowser_DocumentCompleted - document completed=about:blank
2018-01-12 11:02:07,912 [1] INFO  SandBox.Program Main - =============================================================================================
2018-01-12 11:02:07,961 [1] INFO  SandBox.Program Main - Program.Main() Execution
2018-01-12 11:02:07,987 [1] INFO  SandBox.Program Main - urlApplication=http://localhost/safeware/telemaque_new/
2018-01-12 11:02:07,988 [1] INFO  SandBox.Program Main - nomApplication=TELEMAQUE
2018-01-12 11:02:08,102 [1] INFO  SandBox.Program .ctor - [MAIN] init config log4net
2018-01-12 11:02:08,125 [1] INFO  SandBox.Program .ctor - [MAIN] recup url application ico
2018-01-12 11:02:08,133 [1] INFO  SandBox.Program RecupererUrl - [MAIN] RecupererUrl() [DEBUT]
2018-01-12 11:02:08,134 [1] INFO  SandBox.Program RecupererUrl - [MAIN] RecupererUrl() [FIN] - URL:http://localhost/safeware/telemaque_new/
2018-01-12 11:02:08,136 [1] INFO  SandBox.Program RecupererNomApplication - [MAIN] RecupererNomApplication() [DEBUT]
2018-01-12 11:02:08,137 [1] INFO  SandBox.Program RecupererNomApplication - [MAIN] RecupererNomApplication() [FIN] - Nom Application : TELEMAQUE
2018-01-12 11:02:08,211 [1] INFO  SandBox.Program MiseEnPlaceRaccourcis - [MAIN] MiseEnPlaceRaccourcis() - user.config = C:\Users\Mathias\AppData\Local\Safeware\TELEMAQUE_-_UnisBox.exe_Url_whdkfzl5hqa5cn4u5k4ridulpe2ppkjs\1.0.8.98\user.config
2018-01-12 11:02:08,325 [1] DEBUG SandBox.Main webBrowser_Navigated - URL=about:blank
2018-01-12 11:02:08,514 [1] INFO  SandBox.Program webBrowser_DocumentCompleted - document completed=about:blank
2018-01-12 11:02:08,698 [1] DEBUG SandBox.Main webBrowser_Navigated - URL=http://localhost/safeware/telemaque_new/gestion/erreur.asp?message=[Microsoft][ODBC+SQL+Server+Driver][DBNETLIB]Ce+serveur+SQL+n'existe+pas+ou+son+accès+est+refusé.&class=error&lib=Rafraichir&bouton=../default.aspx&image=rafraichir
2018-01-12 11:02:08,740 [1] INFO  SandBox.Program webBrowser_DocumentCompleted - document completed=http://localhost/safeware/telemaque_new/gestion/erreur.asp?message=[Microsoft][ODBC+SQL+Server+Driver][DBNETLIB]Ce+serveur+SQL+n'existe+pas+ou+son+accès+est+refusé.&class=error&lib=Rafraichir&bouton=../default.aspx&image=rafraichir
2018-01-12 11:02:19,543 [1] INFO  SandBox.Program RecupererPeripheriques - [Main] RecupererPeripheriques() - [DEBUT]
2018-01-12 11:02:19,548 [1] INFO  SandBox.Program TraiterXML - [PeripheriqueManager] TraiterXML() - [DEBUT] Traitement de la liste des periphériques
2018-01-12 11:02:19,552 [1] INFO  SandBox.Program DownloadXML - [PeripheriqueManager] DownloadXML() - [DEBUT] Telechargement xml [DIDEROT]
2018-01-12 11:04:52,239 [1] INFO  SandBox.Program Main - =============================================================================================
2018-01-12 11:04:52,287 [1] INFO  SandBox.Program Main - Program.Main() Execution
2018-01-12 11:04:52,318 [1] INFO  SandBox.Program Main - urlApplication=http://localhost/safeware/telemaque_new/
2018-01-12 11:04:52,319 [1] INFO  SandBox.Program Main - nomApplication=TELEMAQUE
2018-01-12 11:04:52,447 [1] INFO  SandBox.Program .ctor - [MAIN] init config log4net
2018-01-12 11:04:52,460 [1] INFO  SandBox.Program .ctor - [MAIN] recup url application ico
2018-01-12 11:04:52,484 [1] INFO  SandBox.Program RecupererUrl - [MAIN] RecupererUrl() [DEBUT]
2018-01-12 11:04:52,484 [1] INFO  SandBox.Program RecupererUrl - [MAIN] RecupererUrl() [FIN] - URL:http://localhost/safeware/telemaque_new/
2018-01-12 11:04:52,486 [1] INFO  SandBox.Program RecupererNomApplication - [MAIN] RecupererNomApplication() [DEBUT]
2018-01-12 11:04:52,487 [1] INFO  SandBox.Program RecupererNomApplication - [MAIN] RecupererNomApplication() [FIN] - Nom Application : TELEMAQUE
2018-01-12 11:04:52,569 [1] INFO  SandBox.Program MiseEnPlaceRaccourcis - [MAIN] MiseEnPlaceRaccourcis() - user.config = C:\Users\Mathias\AppData\Local\Safeware\TELEMAQUE_-_UnisBox.exe_Url_whdkfzl5hqa5cn4u5k4ridulpe2ppkjs\1.0.8.98\user.config
2018-01-12 11:04:52,718 [1] DEBUG SandBox.Main webBrowser_Navigated - URL=about:blank
2018-01-12 11:04:52,889 [1] INFO  SandBox.Program webBrowser_DocumentCompleted - document completed=about:blank
2018-01-12 11:06:49,020 [1] INFO  SandBox.Program Main - =============================================================================================
2018-01-12 11:06:49,070 [1] INFO  SandBox.Program Main - Program.Main() Execution
2018-01-12 11:06:49,105 [1] INFO  SandBox.Program Main - urlApplication=http://localhost/safeware/telemaque_new/
2018-01-12 11:06:49,107 [1] INFO  SandBox.Program Main - nomApplication=TELEMAQUE
2018-01-12 11:06:49,303 [1] INFO  SandBox.Program .ctor - [MAIN] init config log4net
2018-01-12 11:06:49,320 [1] INFO  SandBox.Program .ctor - [MAIN] recup url application ico
2018-01-12 11:06:49,343 [1] INFO  SandBox.Program RecupererUrl - [MAIN] RecupererUrl() [DEBUT]
2018-01-12 11:06:49,344 [1] INFO  SandBox.Program RecupererUrl - [MAIN] RecupererUrl() [FIN] - URL:http://localhost/safeware/telemaque_new/
2018-01-12 11:06:49,347 [1] INFO  SandBox.Program RecupererNomApplication - [MAIN] RecupererNomApplication() [DEBUT]
2018-01-12 11:06:49,348 [1] INFO  SandBox.Program RecupererNomApplication - [MAIN] RecupererNomApplication() [FIN] - Nom Application : TELEMAQUE
2018-01-12 11:06:49,473 [1] INFO  SandBox.Program MiseEnPlaceRaccourcis - [MAIN] MiseEnPlaceRaccourcis() - user.config = C:\Users\Mathias\AppData\Local\Safeware\TELEMAQUE_-_UnisBox.exe_Url_whdkfzl5hqa5cn4u5k4ridulpe2ppkjs\1.0.8.98\user.config
2018-01-12 11:06:49,665 [1] DEBUG SandBox.Main webBrowser_Navigated - URL=about:blank
2018-01-12 11:06:49,822 [1] INFO  SandBox.Program webBrowser_DocumentCompleted - document completed=about:blank
2018-01-12 11:08:47,054 [1] INFO  SandBox.Program Main - =============================================================================================
2018-01-12 11:08:47,083 [1] INFO  SandBox.Program Main - Program.Main() Execution
2018-01-12 11:08:47,117 [1] INFO  SandBox.Program Main - urlApplication=http://localhost/safeware/telemaque_new/
2018-01-12 11:08:47,119 [1] INFO  SandBox.Program Main - nomApplication=TELEMAQUE
2018-01-12 11:08:47,294 [1] INFO  SandBox.Program .ctor - [MAIN] init config log4net
2018-01-12 11:08:47,304 [1] INFO  SandBox.Program .ctor - [MAIN] recup url application ico
2018-01-12 11:08:47,320 [1] INFO  SandBox.Program RecupererUrl - [MAIN] RecupererUrl() [DEBUT]
2018-01-12 11:08:47,321 [1] INFO  SandBox.Program RecupererUrl - [MAIN] RecupererUrl() [FIN] - URL:http://localhost/safeware/telemaque_new/
2018-01-12 11:08:47,333 [1] INFO  SandBox.Program RecupererNomApplication - [MAIN] RecupererNomApplication() [DEBUT]
2018-01-12 11:08:47,335 [1] INFO  SandBox.Program RecupererNomApplication - [MAIN] RecupererNomApplication() [FIN] - Nom Application : TELEMAQUE
2018-01-12 11:08:47,404 [1] INFO  SandBox.Program MiseEnPlaceRaccourcis - [MAIN] MiseEnPlaceRaccourcis() - user.config = C:\Users\Mathias\AppData\Local\Safeware\TELEMAQUE_-_UnisBox.exe_Url_whdkfzl5hqa5cn4u5k4ridulpe2ppkjs\1.0.8.98\user.config
2018-01-12 11:08:47,592 [1] DEBUG SandBox.Main webBrowser_Navigated - URL=about:blank
2018-01-12 11:08:47,750 [1] INFO  SandBox.Program webBrowser_DocumentCompleted - document completed=about:blank
2018-01-12 11:11:12,933 [1] INFO  SandBox.Program Main - =============================================================================================
2018-01-12 11:11:12,965 [1] INFO  SandBox.Program Main - Program.Main() Execution
2018-01-12 11:11:13,010 [1] INFO  SandBox.Program Main - urlApplication=http://localhost/safeware/telemaque_new/
2018-01-12 11:11:13,011 [1] INFO  SandBox.Program Main - nomApplication=TELEMAQUE
2018-01-12 11:11:13,181 [1] INFO  SandBox.Program .ctor - [MAIN] init config log4net
2018-01-12 11:11:13,192 [1] INFO  SandBox.Program .ctor - [MAIN] recup url application ico
2018-01-12 11:11:13,203 [1] INFO  SandBox.Program RecupererUrl - [MAIN] RecupererUrl() [DEBUT]
2018-01-12 11:11:13,205 [1] INFO  SandBox.Program RecupererUrl - [MAIN] RecupererUrl() [FIN] - URL:http://localhost/safeware/telemaque_new/
2018-01-12 11:11:13,218 [1] INFO  SandBox.Program RecupererNomApplication - [MAIN] RecupererNomApplication() [DEBUT]
2018-01-12 11:11:13,221 [1] INFO  SandBox.Program RecupererNomApplication - [MAIN] RecupererNomApplication() [FIN] - Nom Application : TELEMAQUE
2018-01-12 11:11:13,308 [1] INFO  SandBox.Program MiseEnPlaceRaccourcis - [MAIN] MiseEnPlaceRaccourcis() - user.config = C:\Users\Mathias\AppData\Local\Safeware\TELEMAQUE_-_UnisBox.exe_Url_whdkfzl5hqa5cn4u5k4ridulpe2ppkjs\1.0.8.98\user.config
2018-01-12 11:11:13,477 [1] DEBUG SandBox.Main webBrowser_Navigated - URL=about:blank
2018-01-12 11:11:13,671 [1] INFO  SandBox.Program webBrowser_DocumentCompleted - document completed=about:blank
