2018-01-05 10:42:44,356 [1] INFO  SandBox.Program Main - =============================================================================================
2018-01-05 10:42:44,400 [1] INFO  SandBox.Program Main - Program.Main() Execution
2018-01-05 10:42:44,558 [1] INFO  SandBox.Program Main - urlApplication=http://localhost/safeware/telemaque_new/
2018-01-05 10:42:44,559 [1] INFO  SandBox.Program Main - nomApplication=TELEMAQUE
2018-01-05 10:42:44,700 [1] INFO  SandBox.Program .ctor - [MAIN] init config log4net
2018-01-05 10:42:44,710 [1] INFO  SandBox.Program .ctor - [MAIN] recup url application ico
2018-01-05 10:42:44,740 [1] INFO  SandBox.Program RecupererUrl - [MAIN] RecupererUrl() [DEBUT]
2018-01-05 10:42:44,741 [1] INFO  SandBox.Program RecupererUrl - [MAIN] RecupererUrl() [FIN] - URL:http://localhost/safeware/telemaque_new/
2018-01-05 10:42:44,743 [1] INFO  SandBox.Program RecupererNomApplication - [MAIN] RecupererNomApplication() [DEBUT]
2018-01-05 10:42:44,744 [1] INFO  SandBox.Program RecupererNomApplication - [MAIN] RecupererNomApplication() [FIN] - Nom Application : TELEMAQUE
2018-01-05 10:42:44,870 [1] INFO  SandBox.Program MiseEnPlaceRaccourcis - [MAIN] MiseEnPlaceRaccourcis() - user.config = C:\Users\Mathias\AppData\Local\Safeware\TELEMAQUE_-_UnisBox.exe_Url_whdkfzl5hqa5cn4u5k4ridulpe2ppkjs\1.0.8.98\user.config
2018-01-05 10:42:44,962 [1] DEBUG SandBox.Main webBrowser_Navigated - URL=about:blank
2018-01-05 10:46:40,472 [1] INFO  SandBox.Program Main - =============================================================================================
2018-01-05 10:46:40,499 [1] INFO  SandBox.Program Main - Program.Main() Execution
2018-01-05 10:46:40,520 [1] INFO  SandBox.Program Main - urlApplication=http://localhost/safeware/telemaque_new/
2018-01-05 10:46:40,521 [1] INFO  SandBox.Program Main - nomApplication=TELEMAQUE
2018-01-05 10:46:40,609 [1] INFO  SandBox.Program .ctor - [MAIN] init config log4net
2018-01-05 10:46:40,620 [1] INFO  SandBox.Program .ctor - [MAIN] recup url application ico
2018-01-05 10:46:40,629 [1] INFO  SandBox.Program RecupererUrl - [MAIN] RecupererUrl() [DEBUT]
2018-01-05 10:46:40,630 [1] INFO  SandBox.Program RecupererUrl - [MAIN] RecupererUrl() [FIN] - URL:http://localhost/safeware/telemaque_new/
2018-01-05 10:46:40,633 [1] INFO  SandBox.Program RecupererNomApplication - [MAIN] RecupererNomApplication() [DEBUT]
2018-01-05 10:46:40,633 [1] INFO  SandBox.Program RecupererNomApplication - [MAIN] RecupererNomApplication() [FIN] - Nom Application : TELEMAQUE
2018-01-05 10:46:40,663 [1] INFO  SandBox.Program MiseEnPlaceRaccourcis - [MAIN] MiseEnPlaceRaccourcis() - user.config = C:\Users\Mathias\AppData\Local\Safeware\TELEMAQUE_-_UnisBox.exe_Url_whdkfzl5hqa5cn4u5k4ridulpe2ppkjs\1.0.8.98\user.config
2018-01-05 10:46:40,724 [1] DEBUG SandBox.Main webBrowser_Navigated - URL=about:blank
2018-01-05 10:50:10,060 [1] INFO  SandBox.Program Main - =============================================================================================
2018-01-05 10:50:10,086 [1] INFO  SandBox.Program Main - Program.Main() Execution
2018-01-05 10:50:10,107 [1] INFO  SandBox.Program Main - urlApplication=http://localhost/safeware/telemaque_new/
2018-01-05 10:50:10,108 [1] INFO  SandBox.Program Main - nomApplication=TELEMAQUE
2018-01-05 10:50:10,201 [1] INFO  SandBox.Program .ctor - [MAIN] init config log4net
2018-01-05 10:50:10,212 [1] INFO  SandBox.Program .ctor - [MAIN] recup url application ico
2018-01-05 10:50:10,220 [1] INFO  SandBox.Program RecupererUrl - [MAIN] RecupererUrl() [DEBUT]
2018-01-05 10:50:10,221 [1] INFO  SandBox.Program RecupererUrl - [MAIN] RecupererUrl() [FIN] - URL:http://localhost/safeware/telemaque_new/
2018-01-05 10:50:10,223 [1] INFO  SandBox.Program RecupererNomApplication - [MAIN] RecupererNomApplication() [DEBUT]
2018-01-05 10:50:10,224 [1] INFO  SandBox.Program RecupererNomApplication - [MAIN] RecupererNomApplication() [FIN] - Nom Application : TELEMAQUE
2018-01-05 10:50:10,261 [1] INFO  SandBox.Program MiseEnPlaceRaccourcis - [MAIN] MiseEnPlaceRaccourcis() - user.config = C:\Users\Mathias\AppData\Local\Safeware\TELEMAQUE_-_UnisBox.exe_Url_whdkfzl5hqa5cn4u5k4ridulpe2ppkjs\1.0.8.98\user.config
2018-01-05 10:50:10,324 [1] DEBUG SandBox.Main webBrowser_Navigated - URL=about:blank
2018-01-05 10:50:28,962 [1] DEBUG SandBox.Main webBrowser_Navigated - URL=http://localhost/safeware/telemaque_new/gestion/erreur.asp?message=[Microsoft][ODBC+SQL+Server+Driver][DBNETLIB]Ce+serveur+SQL+n'existe+pas+ou+son+accès+est+refusé.&class=error&lib=Rafraichir&bouton=../default.aspx&image=rafraichir
2018-01-05 10:51:05,473 [1] INFO  SandBox.Program Main - =============================================================================================
2018-01-05 10:51:05,498 [1] INFO  SandBox.Program Main - Program.Main() Execution
2018-01-05 10:51:05,520 [1] INFO  SandBox.Program Main - urlApplication=http://localhost/safeware/telemaque_new/
2018-01-05 10:51:05,520 [1] INFO  SandBox.Program Main - nomApplication=TELEMAQUE
2018-01-05 10:51:05,624 [1] INFO  SandBox.Program .ctor - [MAIN] init config log4net
2018-01-05 10:51:05,634 [1] INFO  SandBox.Program .ctor - [MAIN] recup url application ico
2018-01-05 10:51:05,660 [1] INFO  SandBox.Program RecupererUrl - [MAIN] RecupererUrl() [DEBUT]
2018-01-05 10:51:05,660 [1] INFO  SandBox.Program RecupererUrl - [MAIN] RecupererUrl() [FIN] - URL:http://localhost/safeware/telemaque_new/
2018-01-05 10:51:05,662 [1] INFO  SandBox.Program RecupererNomApplication - [MAIN] RecupererNomApplication() [DEBUT]
2018-01-05 10:51:05,663 [1] INFO  SandBox.Program RecupererNomApplication - [MAIN] RecupererNomApplication() [FIN] - Nom Application : TELEMAQUE
2018-01-05 10:51:05,694 [1] INFO  SandBox.Program MiseEnPlaceRaccourcis - [MAIN] MiseEnPlaceRaccourcis() - user.config = C:\Users\Mathias\AppData\Local\Safeware\TELEMAQUE_-_UnisBox.exe_Url_whdkfzl5hqa5cn4u5k4ridulpe2ppkjs\1.0.8.98\user.config
2018-01-05 10:51:05,762 [1] DEBUG SandBox.Main webBrowser_Navigated - URL=about:blank
2018-01-05 10:51:24,327 [1] DEBUG SandBox.Main webBrowser_Navigated - URL=http://localhost/safeware/telemaque_new/gestion/erreur.asp?message=[Microsoft][ODBC+SQL+Server+Driver][DBNETLIB]Ce+serveur+SQL+n'existe+pas+ou+son+accès+est+refusé.&class=error&lib=Rafraichir&bouton=../default.aspx&image=rafraichir
2018-01-05 11:17:55,385 [1] INFO  SandBox.Program Main - =============================================================================================
2018-01-05 11:17:55,416 [1] INFO  SandBox.Program Main - Program.Main() Execution
2018-01-05 11:17:55,449 [1] INFO  SandBox.Program Main - urlApplication=http://localhost/safeware/telemaque_new/
2018-01-05 11:17:55,450 [1] INFO  SandBox.Program Main - nomApplication=TELEMAQUE
2018-01-05 11:17:55,561 [1] INFO  SandBox.Program .ctor - [MAIN] init config log4net
2018-01-05 11:17:55,571 [1] INFO  SandBox.Program .ctor - [MAIN] recup url application ico
2018-01-05 11:17:55,587 [1] INFO  SandBox.Program RecupererUrl - [MAIN] RecupererUrl() [DEBUT]
2018-01-05 11:17:55,588 [1] INFO  SandBox.Program RecupererUrl - [MAIN] RecupererUrl() [FIN] - URL:http://localhost/safeware/telemaque_new/
2018-01-05 11:17:55,590 [1] INFO  SandBox.Program RecupererNomApplication - [MAIN] RecupererNomApplication() [DEBUT]
2018-01-05 11:17:55,591 [1] INFO  SandBox.Program RecupererNomApplication - [MAIN] RecupererNomApplication() [FIN] - Nom Application : TELEMAQUE
2018-01-05 11:17:55,625 [1] INFO  SandBox.Program MiseEnPlaceRaccourcis - [MAIN] MiseEnPlaceRaccourcis() - user.config = C:\Users\Mathias\AppData\Local\Safeware\TELEMAQUE_-_UnisBox.exe_Url_whdkfzl5hqa5cn4u5k4ridulpe2ppkjs\1.0.8.98\user.config
2018-01-05 11:17:55,712 [1] DEBUG SandBox.Main webBrowser_Navigated - URL=about:blank
2018-01-05 11:18:14,910 [1] DEBUG SandBox.Main webBrowser_Navigated - URL=http://localhost/safeware/telemaque_new/gestion/erreur.asp?message=[Microsoft][ODBC+SQL+Server+Driver][DBNETLIB]Ce+serveur+SQL+n'existe+pas+ou+son+accès+est+refusé.&class=error&lib=Rafraichir&bouton=../default.aspx&image=rafraichir
2018-01-05 11:29:16,848 [1] INFO  SandBox.Program Main - =============================================================================================
2018-01-05 11:29:16,876 [1] INFO  SandBox.Program Main - Program.Main() Execution
2018-01-05 11:29:16,902 [1] INFO  SandBox.Program Main - urlApplication=http://localhost/safeware/telemaque_new/
2018-01-05 11:29:16,903 [1] INFO  SandBox.Program Main - nomApplication=TELEMAQUE
2018-01-05 11:29:17,015 [1] INFO  SandBox.Program .ctor - [MAIN] init config log4net
2018-01-05 11:29:17,026 [1] INFO  SandBox.Program .ctor - [MAIN] recup url application ico
2018-01-05 11:29:17,044 [1] INFO  SandBox.Program RecupererUrl - [MAIN] RecupererUrl() [DEBUT]
2018-01-05 11:29:17,045 [1] INFO  SandBox.Program RecupererUrl - [MAIN] RecupererUrl() [FIN] - URL:http://localhost/safeware/telemaque_new/
2018-01-05 11:29:17,047 [1] INFO  SandBox.Program RecupererNomApplication - [MAIN] RecupererNomApplication() [DEBUT]
2018-01-05 11:29:17,047 [1] INFO  SandBox.Program RecupererNomApplication - [MAIN] RecupererNomApplication() [FIN] - Nom Application : TELEMAQUE
2018-01-05 11:29:17,095 [1] INFO  SandBox.Program MiseEnPlaceRaccourcis - [MAIN] MiseEnPlaceRaccourcis() - user.config = C:\Users\Mathias\AppData\Local\Safeware\TELEMAQUE_-_UnisBox.exe_Url_whdkfzl5hqa5cn4u5k4ridulpe2ppkjs\1.0.8.98\user.config
2018-01-05 11:29:17,180 [1] DEBUG SandBox.Main webBrowser_Navigated - URL=about:blank
2018-01-05 11:29:40,446 [1] DEBUG SandBox.Main webBrowser_Navigated - URL=http://localhost/safeware/telemaque_new/gestion/erreur.asp?message=[Microsoft][ODBC+SQL+Server+Driver][DBNETLIB]Ce+serveur+SQL+n'existe+pas+ou+son+accès+est+refusé.&class=error&lib=Rafraichir&bouton=../default.aspx&image=rafraichir
2018-01-05 11:33:42,233 [1] INFO  SandBox.Program Main - =============================================================================================
2018-01-05 11:33:42,259 [1] INFO  SandBox.Program Main - Program.Main() Execution
2018-01-05 11:33:42,282 [1] INFO  SandBox.Program Main - urlApplication=http://localhost/safeware/telemaque_new/
2018-01-05 11:33:42,282 [1] INFO  SandBox.Program Main - nomApplication=TELEMAQUE
2018-01-05 11:33:42,384 [1] INFO  SandBox.Program .ctor - [MAIN] init config log4net
2018-01-05 11:33:42,397 [1] INFO  SandBox.Program .ctor - [MAIN] recup url application ico
2018-01-05 11:33:42,404 [1] INFO  SandBox.Program RecupererUrl - [MAIN] RecupererUrl() [DEBUT]
2018-01-05 11:33:42,404 [1] INFO  SandBox.Program RecupererUrl - [MAIN] RecupererUrl() [FIN] - URL:http://localhost/safeware/telemaque_new/
2018-01-05 11:33:42,406 [1] INFO  SandBox.Program RecupererNomApplication - [MAIN] RecupererNomApplication() [DEBUT]
2018-01-05 11:33:42,407 [1] INFO  SandBox.Program RecupererNomApplication - [MAIN] RecupererNomApplication() [FIN] - Nom Application : TELEMAQUE
2018-01-05 11:33:42,476 [1] INFO  SandBox.Program MiseEnPlaceRaccourcis - [MAIN] MiseEnPlaceRaccourcis() - user.config = C:\Users\Mathias\AppData\Local\Safeware\TELEMAQUE_-_UnisBox.exe_Url_whdkfzl5hqa5cn4u5k4ridulpe2ppkjs\1.0.8.98\user.config
2018-01-05 11:33:42,571 [1] DEBUG SandBox.Main webBrowser_Navigated - URL=about:blank
2018-01-05 11:33:48,188 [1] DEBUG SandBox.Main webBrowser_Navigated - URL=http://localhost/safeware/telemaque_new/gestion/login.asp?machine=Diderot
2018-01-05 11:33:48,190 [1] INFO  SandBox.Main webBrowser_Navigated - MachineName = DIDEROT
2018-01-05 11:33:48,202 [1] INFO  SandBox.Program RecupererIcone - [MAIN] RecupererIcone() [DEBUT]
2018-01-05 11:33:48,277 [1] ERROR SandBox.Program RecupererIcone - [MAIN] RecupererIcone() [ERROR] - System.Net.WebException: Impossible de trouver le fichier 'C:\Users\Mathias\AppData\Local\Temp\Telemaque_ico.ico'. ---> System.Net.WebException: Impossible de trouver le fichier 'C:\Users\Mathias\AppData\Local\Temp\Telemaque_ico.ico'. ---> System.IO.FileNotFoundException: Impossible de trouver le fichier 'C:\Users\Mathias\AppData\Local\Temp\Telemaque_ico.ico'.
Nom du fichier : 'C:\Users\Mathias\AppData\Local\Temp\Telemaque_ico.ico'
   à System.IO.__Error.WinIOError(Int32 errorCode, String maybeFullPath)
   à System.IO.FileStream.Init(String path, FileMode mode, FileAccess access, Int32 rights, Boolean useRights, FileShare share, Int32 bufferSize, FileOptions options, SECURITY_ATTRIBUTES secAttrs, String msgPath, Boolean bFromProxy)
   à System.IO.FileStream..ctor(String path, FileMode mode, FileAccess access, FileShare share, Int32 bufferSize, FileOptions options, String msgPath, Boolean bFromProxy)
   à System.Net.FileWebStream..ctor(FileWebRequest request, String path, FileMode mode, FileAccess access, FileShare sharing, Int32 length, Boolean async)
   à System.Net.FileWebResponse..ctor(FileWebRequest request, Uri uri, FileAccess access, Boolean asyncHint)
   --- Fin de la trace de la pile d'exception interne ---
   à System.Net.FileWebResponse..ctor(FileWebRequest request, Uri uri, FileAccess access, Boolean asyncHint)
   à System.Net.FileWebRequest.GetResponseCallback(Object state)
   --- Fin de la trace de la pile d'exception interne ---
   à System.Net.FileWebRequest.EndGetResponse(IAsyncResult asyncResult)
   à System.Net.FileWebRequest.GetResponse()
   à SandBox.Main.RecupererIcone() dans D:\ZwDev\SandBox\SandBox\Main.cs:ligne 1025
2018-01-05 11:33:48,284 [1] INFO  SandBox.Program RecupererVersion - [MAIN] RecupererVersion() [DEBUT]
2018-01-05 11:35:20,653 [1] INFO  SandBox.Program Main - =============================================================================================
2018-01-05 11:35:20,680 [1] INFO  SandBox.Program Main - Program.Main() Execution
2018-01-05 11:35:20,722 [1] INFO  SandBox.Program Main - urlApplication=http://localhost/safeware/telemaque_new/
2018-01-05 11:35:20,722 [1] INFO  SandBox.Program Main - nomApplication=TELEMAQUE
2018-01-05 11:35:20,814 [1] INFO  SandBox.Program .ctor - [MAIN] init config log4net
2018-01-05 11:35:20,824 [1] INFO  SandBox.Program .ctor - [MAIN] recup url application ico
2018-01-05 11:35:20,851 [1] INFO  SandBox.Program RecupererUrl - [MAIN] RecupererUrl() [DEBUT]
2018-01-05 11:35:20,852 [1] INFO  SandBox.Program RecupererUrl - [MAIN] RecupererUrl() [FIN] - URL:http://localhost/safeware/telemaque_new/
2018-01-05 11:35:20,854 [1] INFO  SandBox.Program RecupererNomApplication - [MAIN] RecupererNomApplication() [DEBUT]
2018-01-05 11:35:20,854 [1] INFO  SandBox.Program RecupererNomApplication - [MAIN] RecupererNomApplication() [FIN] - Nom Application : TELEMAQUE
2018-01-05 11:35:20,903 [1] INFO  SandBox.Program MiseEnPlaceRaccourcis - [MAIN] MiseEnPlaceRaccourcis() - user.config = C:\Users\Mathias\AppData\Local\Safeware\TELEMAQUE_-_UnisBox.exe_Url_whdkfzl5hqa5cn4u5k4ridulpe2ppkjs\1.0.8.98\user.config
2018-01-05 11:35:20,983 [1] DEBUG SandBox.Main webBrowser_Navigated - URL=about:blank
2018-01-05 11:35:26,856 [1] DEBUG SandBox.Main webBrowser_Navigated - URL=http://localhost/safeware/telemaque_new/gestion/login.asp?machine=Diderot
2018-01-05 11:35:26,859 [1] INFO  SandBox.Main webBrowser_Navigated - MachineName = DIDEROT
2018-01-05 11:35:26,871 [1] INFO  SandBox.Program RecupererIcone - [MAIN] RecupererIcone() [DEBUT]
2018-01-05 11:35:26,930 [1] ERROR SandBox.Program RecupererIcone - [MAIN] RecupererIcone() [ERROR] - System.Net.WebException: Impossible de trouver le fichier 'C:\Users\Mathias\AppData\Local\Temp\Telemaque_ico.ico'. ---> System.Net.WebException: Impossible de trouver le fichier 'C:\Users\Mathias\AppData\Local\Temp\Telemaque_ico.ico'. ---> System.IO.FileNotFoundException: Impossible de trouver le fichier 'C:\Users\Mathias\AppData\Local\Temp\Telemaque_ico.ico'.
Nom du fichier : 'C:\Users\Mathias\AppData\Local\Temp\Telemaque_ico.ico'
   à System.IO.__Error.WinIOError(Int32 errorCode, String maybeFullPath)
   à System.IO.FileStream.Init(String path, FileMode mode, FileAccess access, Int32 rights, Boolean useRights, FileShare share, Int32 bufferSize, FileOptions options, SECURITY_ATTRIBUTES secAttrs, String msgPath, Boolean bFromProxy)
   à System.IO.FileStream..ctor(String path, FileMode mode, FileAccess access, FileShare share, Int32 bufferSize, FileOptions options, String msgPath, Boolean bFromProxy)
   à System.Net.FileWebStream..ctor(FileWebRequest request, String path, FileMode mode, FileAccess access, FileShare sharing, Int32 length, Boolean async)
   à System.Net.FileWebResponse..ctor(FileWebRequest request, Uri uri, FileAccess access, Boolean asyncHint)
   --- Fin de la trace de la pile d'exception interne ---
   à System.Net.FileWebResponse..ctor(FileWebRequest request, Uri uri, FileAccess access, Boolean asyncHint)
   à System.Net.FileWebRequest.GetResponseCallback(Object state)
   --- Fin de la trace de la pile d'exception interne ---
   à System.Net.FileWebRequest.EndGetResponse(IAsyncResult asyncResult)
   à System.Net.FileWebRequest.GetResponse()
   à SandBox.Main.RecupererIcone() dans D:\ZwDev\SandBox\SandBox\Main.cs:ligne 1025
2018-01-05 11:35:26,937 [1] INFO  SandBox.Program RecupererVersion - [MAIN] RecupererVersion() [DEBUT]
2018-01-05 11:41:57,913 [1] INFO  SandBox.Program Main - =============================================================================================
2018-01-05 11:41:57,951 [1] INFO  SandBox.Program Main - Program.Main() Execution
2018-01-05 11:41:57,982 [1] INFO  SandBox.Program Main - urlApplication=http://localhost/safeware/telemaque_new/
2018-01-05 11:41:57,983 [1] INFO  SandBox.Program Main - nomApplication=TELEMAQUE
2018-01-05 11:41:58,093 [1] INFO  SandBox.Program .ctor - [MAIN] init config log4net
2018-01-05 11:41:58,103 [1] INFO  SandBox.Program .ctor - [MAIN] recup url application ico
2018-01-05 11:41:58,109 [1] INFO  SandBox.Program RecupererUrl - [MAIN] RecupererUrl() [DEBUT]
2018-01-05 11:41:58,109 [1] INFO  SandBox.Program RecupererUrl - [MAIN] RecupererUrl() [FIN] - URL:http://localhost/safeware/telemaque_new/
2018-01-05 11:41:58,111 [1] INFO  SandBox.Program RecupererNomApplication - [MAIN] RecupererNomApplication() [DEBUT]
2018-01-05 11:41:58,112 [1] INFO  SandBox.Program RecupererNomApplication - [MAIN] RecupererNomApplication() [FIN] - Nom Application : TELEMAQUE
2018-01-05 11:41:58,160 [1] INFO  SandBox.Program MiseEnPlaceRaccourcis - [MAIN] MiseEnPlaceRaccourcis() - user.config = C:\Users\Mathias\AppData\Local\Safeware\TELEMAQUE_-_UnisBox.exe_Url_whdkfzl5hqa5cn4u5k4ridulpe2ppkjs\1.0.8.98\user.config
2018-01-05 11:41:58,242 [1] DEBUG SandBox.Main webBrowser_Navigated - URL=about:blank
2018-01-05 11:42:04,087 [1] DEBUG SandBox.Main webBrowser_Navigated - URL=http://localhost/safeware/telemaque_new/gestion/login.asp?machine=Diderot
2018-01-05 11:42:04,089 [1] INFO  SandBox.Main webBrowser_Navigated - MachineName = DIDEROT
2018-01-05 11:42:04,096 [1] INFO  SandBox.Program RecupererIcone - [MAIN] RecupererIcone() [DEBUT]
2018-01-05 11:42:04,120 [1] DEBUG SandBox.Program RecupererIcone - Proxy host = http://localhost/safeware/telemaque_new/
2018-01-05 11:42:04,121 [1] DEBUG SandBox.Program RecupererIcone - Proxy login = 
2018-01-05 11:42:04,122 [1] DEBUG SandBox.Main RecupererIcone - webbrowser cookie = langue=fr; ASPSESSIONIDSSQTCQSS=POHLGIKDCIDBKPGIHKJNLMBG
2018-01-05 11:42:04,122 [1] DEBUG SandBox.Main RecupererIcone - header cookie = langue=fr; ASPSESSIONIDSSQTCQSS=POHLGIKDCIDBKPGIHKJNLMBG
2018-01-05 11:42:04,152 [1] INFO  SandBox.Program RecupererIcone - [MAIN] RecupererIcone() [FIN]
2018-01-05 11:42:04,155 [1] INFO  SandBox.Program RecupererVersion - [MAIN] RecupererVersion() [DEBUT]
2018-01-05 11:42:04,164 [1] DEBUG SandBox.Program RecupererVersion - Proxy host = http://localhost/safeware/telemaque_new/
2018-01-05 11:42:04,165 [1] DEBUG SandBox.Program RecupererVersion - Proxy login = 
2018-01-05 11:42:04,165 [1] DEBUG SandBox.Main RecupererVersion - webbrowser cookie = langue=fr; ASPSESSIONIDSSQTCQSS=POHLGIKDCIDBKPGIHKJNLMBG
2018-01-05 11:42:04,165 [1] DEBUG SandBox.Main RecupererVersion - header cookie = langue=fr; ASPSESSIONIDSSQTCQSS=POHLGIKDCIDBKPGIHKJNLMBG
2018-01-05 11:42:04,167 [1] INFO  SandBox.Program RecupererVersion - [MAIN] RecupererVersion() [FIN] - Version 1.9.3
2018-01-05 11:42:04,173 [1] INFO  SandBox.Program RecupererPeripheriques - [Main] RecupererPeripheriques() - [DEBUT]
2018-01-05 11:42:04,177 [1] INFO  SandBox.Program TraiterXML - [PeripheriqueManager] TraiterXML() - [DEBUT] Traitement de la liste des periphériques
2018-01-05 11:42:04,179 [1] INFO  SandBox.Program DownloadXML - [PeripheriqueManager] DownloadXML() - [DEBUT] Telechargement xml [DIDEROT]
2018-01-05 11:42:04,356 [1] INFO  SandBox.Program DownloadXML - [PeripheriqueManager] DownloadXML() - [FIN] Telechargement xml termine
2018-01-05 11:42:04,356 [1] INFO  SandBox.Program TraiterXML - [PeripheriqueManager] TraiterXML() - [FIN] Traitement de la liste des periphériques terminé
2018-01-05 11:42:04,357 [1] INFO  SandBox.Program RecupererPeripheriques - [Main] RecupererPeripheriques() - Liste des peripherique:
2018-01-05 11:42:04,358 [1] INFO  SandBox.Program afficher - [PeripheriqueInfos]  Nom:Lecteur Ecran Clavier | type_port:PS2 | bit_seconde:0 | bit_donnees:0 | parite: | bit_arret: | controle_flux: | port: | webservice:http://localhost/safeware/ws_unis/WSDEVICE.asmx/ | ws_username:safeware | ws_password:B5Pxqukr9unnSk6/i6423Q== | traitement:BADGE | avant: | apres: | debut:0 | longueur:0 | longueur_max:0 | decoupe:0 | conversion:0
2018-01-05 11:42:04,359 [1] INFO  SandBox.Program afficher - [PeripheriqueInfos]  Nom:SWISS READER | type_port:PS2 | bit_seconde:0 | bit_donnees:0 | parite: | bit_arret: | controle_flux: | port: | webservice:http://localhost/safeware/ws_unis/WSDEVICE.asmx/ | ws_username:safeware | ws_password:B5Pxqukr9unnSk6/i6423Q== | traitement:SWISS_READER | avant: | apres: | debut:0 | longueur:0 | longueur_max:0 | decoupe:0 | conversion:0
2018-01-05 11:42:04,361 [1] INFO  SandBox.Program RecupererPeripheriques - [Main] RecupererPeripheriques() - [FIN] Récuperation périphériques terminée
2018-01-05 11:46:00,361 [1] INFO  SandBox.Program Main - =============================================================================================
2018-01-05 11:46:00,391 [1] INFO  SandBox.Program Main - Program.Main() Execution
2018-01-05 11:46:00,423 [1] INFO  SandBox.Program Main - urlApplication=http://localhost/safeware/telemaque_new/
2018-01-05 11:46:00,423 [1] INFO  SandBox.Program Main - nomApplication=TELEMAQUE
2018-01-05 11:46:00,525 [1] INFO  SandBox.Program .ctor - [MAIN] init config log4net
2018-01-05 11:46:00,538 [1] INFO  SandBox.Program .ctor - [MAIN] recup url application ico
2018-01-05 11:46:00,552 [1] INFO  SandBox.Program RecupererUrl - [MAIN] RecupererUrl() [DEBUT]
2018-01-05 11:46:00,552 [1] INFO  SandBox.Program RecupererUrl - [MAIN] RecupererUrl() [FIN] - URL:http://localhost/safeware/telemaque_new/
2018-01-05 11:46:00,555 [1] INFO  SandBox.Program RecupererNomApplication - [MAIN] RecupererNomApplication() [DEBUT]
2018-01-05 11:46:00,556 [1] INFO  SandBox.Program RecupererNomApplication - [MAIN] RecupererNomApplication() [FIN] - Nom Application : TELEMAQUE
2018-01-05 11:46:00,617 [1] INFO  SandBox.Program MiseEnPlaceRaccourcis - [MAIN] MiseEnPlaceRaccourcis() - user.config = C:\Users\Mathias\AppData\Local\Safeware\TELEMAQUE_-_UnisBox.exe_Url_whdkfzl5hqa5cn4u5k4ridulpe2ppkjs\1.0.8.98\user.config
2018-01-05 11:46:00,697 [1] DEBUG SandBox.Main webBrowser_Navigated - URL=about:blank
2018-01-05 11:46:06,140 [1] DEBUG SandBox.Main webBrowser_Navigated - URL=http://localhost/safeware/telemaque_new/gestion/login.asp?machine=Diderot
2018-01-05 11:46:06,141 [1] INFO  SandBox.Main webBrowser_Navigated - MachineName = DIDEROT
2018-01-05 11:46:06,144 [1] INFO  SandBox.Program RecupererIcone - [MAIN] RecupererIcone() [DEBUT]
2018-01-05 11:46:06,155 [1] DEBUG SandBox.Program RecupererIcone - Proxy host = http://localhost/safeware/telemaque_new/
2018-01-05 11:46:06,155 [1] DEBUG SandBox.Program RecupererIcone - Proxy login = 
2018-01-05 11:46:06,156 [1] DEBUG SandBox.Main RecupererIcone - webbrowser cookie = langue=fr; ASPSESSIONIDSSQTCQSS=BPHLGIKDDNJEHNIEBDCBFLOI
2018-01-05 11:46:06,156 [1] DEBUG SandBox.Main RecupererIcone - header cookie = langue=fr; ASPSESSIONIDSSQTCQSS=BPHLGIKDDNJEHNIEBDCBFLOI
2018-01-05 11:46:06,182 [1] INFO  SandBox.Program RecupererIcone - [MAIN] RecupererIcone() [FIN]
2018-01-05 11:46:06,183 [1] INFO  SandBox.Program RecupererVersion - [MAIN] RecupererVersion() [DEBUT]
2018-01-05 11:46:06,190 [1] DEBUG SandBox.Program RecupererVersion - Proxy host = http://localhost/safeware/telemaque_new/
2018-01-05 11:46:06,190 [1] DEBUG SandBox.Program RecupererVersion - Proxy login = 
2018-01-05 11:46:06,191 [1] DEBUG SandBox.Main RecupererVersion - webbrowser cookie = langue=fr; ASPSESSIONIDSSQTCQSS=BPHLGIKDDNJEHNIEBDCBFLOI
2018-01-05 11:46:06,191 [1] DEBUG SandBox.Main RecupererVersion - header cookie = langue=fr; ASPSESSIONIDSSQTCQSS=BPHLGIKDDNJEHNIEBDCBFLOI
2018-01-05 11:46:06,194 [1] INFO  SandBox.Program RecupererVersion - [MAIN] RecupererVersion() [FIN] - Version 1.9.3
2018-01-05 11:46:06,200 [1] INFO  SandBox.Program RecupererPeripheriques - [Main] RecupererPeripheriques() - [DEBUT]
2018-01-05 11:46:06,204 [1] INFO  SandBox.Program TraiterXML - [PeripheriqueManager] TraiterXML() - [DEBUT] Traitement de la liste des periphériques
2018-01-05 11:46:06,206 [1] INFO  SandBox.Program DownloadXML - [PeripheriqueManager] DownloadXML() - [DEBUT] Telechargement xml [DIDEROT]
2018-01-05 11:46:06,267 [1] INFO  SandBox.Program DownloadXML - [PeripheriqueManager] DownloadXML() - [FIN] Telechargement xml termine
2018-01-05 11:46:06,268 [1] INFO  SandBox.Program TraiterXML - [PeripheriqueManager] TraiterXML() - [FIN] Traitement de la liste des periphériques terminé
2018-01-05 11:46:06,268 [1] INFO  SandBox.Program RecupererPeripheriques - [Main] RecupererPeripheriques() - Liste des peripherique:
2018-01-05 11:46:06,269 [1] INFO  SandBox.Program afficher - [PeripheriqueInfos]  Nom:Lecteur Ecran Clavier | type_port:PS2 | bit_seconde:0 | bit_donnees:0 | parite: | bit_arret: | controle_flux: | port: | webservice:http://localhost/safeware/ws_unis/WSDEVICE.asmx/ | ws_username:safeware | ws_password:B5Pxqukr9unnSk6/i6423Q== | traitement:BADGE | avant: | apres: | debut:0 | longueur:0 | longueur_max:0 | decoupe:0 | conversion:0
2018-01-05 11:46:06,270 [1] INFO  SandBox.Program afficher - [PeripheriqueInfos]  Nom:SWISS READER | type_port:PS2 | bit_seconde:0 | bit_donnees:0 | parite: | bit_arret: | controle_flux: | port: | webservice:http://localhost/safeware/ws_unis/WSDEVICE.asmx/ | ws_username:safeware | ws_password:B5Pxqukr9unnSk6/i6423Q== | traitement:SWISS_READER | avant: | apres: | debut:0 | longueur:0 | longueur_max:0 | decoupe:0 | conversion:0
2018-01-05 11:46:06,272 [1] INFO  SandBox.Program RecupererPeripheriques - [Main] RecupererPeripheriques() - [FIN] Récuperation périphériques terminée
2018-01-05 11:47:47,593 [1] INFO  SandBox.Program Main - =============================================================================================
2018-01-05 11:47:47,619 [1] INFO  SandBox.Program Main - Program.Main() Execution
2018-01-05 11:47:47,642 [1] INFO  SandBox.Program Main - urlApplication=http://localhost/safeware/telemaque_new/
2018-01-05 11:47:47,643 [1] INFO  SandBox.Program Main - nomApplication=TELEMAQUE
2018-01-05 11:47:47,751 [1] INFO  SandBox.Program .ctor - [MAIN] init config log4net
2018-01-05 11:47:47,762 [1] INFO  SandBox.Program .ctor - [MAIN] recup url application ico
2018-01-05 11:47:47,773 [1] INFO  SandBox.Program RecupererUrl - [MAIN] RecupererUrl() [DEBUT]
2018-01-05 11:47:47,773 [1] INFO  SandBox.Program RecupererUrl - [MAIN] RecupererUrl() [FIN] - URL:http://localhost/safeware/telemaque_new/
2018-01-05 11:47:47,776 [1] INFO  SandBox.Program RecupererNomApplication - [MAIN] RecupererNomApplication() [DEBUT]
2018-01-05 11:47:47,776 [1] INFO  SandBox.Program RecupererNomApplication - [MAIN] RecupererNomApplication() [FIN] - Nom Application : TELEMAQUE
2018-01-05 11:47:47,849 [1] INFO  SandBox.Program MiseEnPlaceRaccourcis - [MAIN] MiseEnPlaceRaccourcis() - user.config = C:\Users\Mathias\AppData\Local\Safeware\TELEMAQUE_-_UnisBox.exe_Url_whdkfzl5hqa5cn4u5k4ridulpe2ppkjs\1.0.8.98\user.config
2018-01-05 11:47:47,946 [1] DEBUG SandBox.Main webBrowser_Navigated - URL=about:blank
2018-01-05 11:47:53,506 [1] DEBUG SandBox.Main webBrowser_Navigated - URL=http://localhost/safeware/telemaque_new/gestion/login.asp?machine=Diderot
2018-01-05 11:47:53,507 [1] INFO  SandBox.Main webBrowser_Navigated - MachineName = DIDEROT
2018-01-05 11:47:53,510 [1] INFO  SandBox.Program RecupererIcone - [MAIN] RecupererIcone() [DEBUT]
2018-01-05 11:47:53,521 [1] DEBUG SandBox.Program RecupererIcone - Proxy host = http://localhost/safeware/telemaque_new/
2018-01-05 11:47:53,522 [1] DEBUG SandBox.Program RecupererIcone - Proxy login = 
2018-01-05 11:47:53,522 [1] DEBUG SandBox.Main RecupererIcone - webbrowser cookie = langue=fr; ASPSESSIONIDSSQTCQSS=DPHLGIKDJFHJFBKNAABFCLOG
2018-01-05 11:47:53,523 [1] DEBUG SandBox.Main RecupererIcone - header cookie = langue=fr; ASPSESSIONIDSSQTCQSS=DPHLGIKDJFHJFBKNAABFCLOG
2018-01-05 11:47:53,551 [1] INFO  SandBox.Program RecupererIcone - [MAIN] RecupererIcone() [FIN]
2018-01-05 11:47:53,553 [1] INFO  SandBox.Program RecupererVersion - [MAIN] RecupererVersion() [DEBUT]
2018-01-05 11:47:53,562 [1] DEBUG SandBox.Program RecupererVersion - Proxy host = http://localhost/safeware/telemaque_new/
2018-01-05 11:47:53,562 [1] DEBUG SandBox.Program RecupererVersion - Proxy login = 
2018-01-05 11:47:53,562 [1] DEBUG SandBox.Main RecupererVersion - webbrowser cookie = langue=fr; ASPSESSIONIDSSQTCQSS=DPHLGIKDJFHJFBKNAABFCLOG
2018-01-05 11:47:53,563 [1] DEBUG SandBox.Main RecupererVersion - header cookie = langue=fr; ASPSESSIONIDSSQTCQSS=DPHLGIKDJFHJFBKNAABFCLOG
2018-01-05 11:47:53,564 [1] INFO  SandBox.Program RecupererVersion - [MAIN] RecupererVersion() [FIN] - Version 1.9.3
2018-01-05 11:47:53,570 [1] INFO  SandBox.Program RecupererPeripheriques - [Main] RecupererPeripheriques() - [DEBUT]
2018-01-05 11:47:53,573 [1] INFO  SandBox.Program TraiterXML - [PeripheriqueManager] TraiterXML() - [DEBUT] Traitement de la liste des periphériques
2018-01-05 11:47:53,575 [1] INFO  SandBox.Program DownloadXML - [PeripheriqueManager] DownloadXML() - [DEBUT] Telechargement xml [DIDEROT]
2018-01-05 11:47:53,647 [1] INFO  SandBox.Program DownloadXML - [PeripheriqueManager] DownloadXML() - [FIN] Telechargement xml termine
2018-01-05 11:47:53,649 [1] INFO  SandBox.Program TraiterXML - [PeripheriqueManager] TraiterXML() - [FIN] Traitement de la liste des periphériques terminé
2018-01-05 11:47:53,650 [1] INFO  SandBox.Program RecupererPeripheriques - [Main] RecupererPeripheriques() - Liste des peripherique:
2018-01-05 11:47:53,653 [1] INFO  SandBox.Program afficher - [PeripheriqueInfos]  Nom:Lecteur Ecran Clavier | type_port:PS2 | bit_seconde:0 | bit_donnees:0 | parite: | bit_arret: | controle_flux: | port: | webservice:http://localhost/safeware/ws_unis/WSDEVICE.asmx/ | ws_username:safeware | ws_password:B5Pxqukr9unnSk6/i6423Q== | traitement:BADGE | avant: | apres: | debut:0 | longueur:0 | longueur_max:0 | decoupe:0 | conversion:0
2018-01-05 11:47:53,658 [1] INFO  SandBox.Program afficher - [PeripheriqueInfos]  Nom:SWISS READER | type_port:PS2 | bit_seconde:0 | bit_donnees:0 | parite: | bit_arret: | controle_flux: | port: | webservice:http://localhost/safeware/ws_unis/WSDEVICE.asmx/ | ws_username:safeware | ws_password:B5Pxqukr9unnSk6/i6423Q== | traitement:SWISS_READER | avant: | apres: | debut:0 | longueur:0 | longueur_max:0 | decoupe:0 | conversion:0
2018-01-05 11:47:53,662 [1] INFO  SandBox.Program RecupererPeripheriques - [Main] RecupererPeripheriques() - [FIN] Récuperation périphériques terminée
2018-01-05 11:48:29,267 [1] INFO  SandBox.Program Main - =============================================================================================
2018-01-05 11:48:29,320 [1] INFO  SandBox.Program Main - Program.Main() Execution
2018-01-05 11:48:29,362 [1] INFO  SandBox.Program Main - urlApplication=http://localhost/safeware/telemaque_new/
2018-01-05 11:48:29,363 [1] INFO  SandBox.Program Main - nomApplication=TELEMAQUE
2018-01-05 11:48:29,453 [1] INFO  SandBox.Program .ctor - [MAIN] init config log4net
2018-01-05 11:48:29,465 [1] INFO  SandBox.Program .ctor - [MAIN] recup url application ico
2018-01-05 11:48:29,474 [1] INFO  SandBox.Program RecupererUrl - [MAIN] RecupererUrl() [DEBUT]
2018-01-05 11:48:29,475 [1] INFO  SandBox.Program RecupererUrl - [MAIN] RecupererUrl() [FIN] - URL:http://localhost/safeware/telemaque_new/
2018-01-05 11:48:29,477 [1] INFO  SandBox.Program RecupererNomApplication - [MAIN] RecupererNomApplication() [DEBUT]
2018-01-05 11:48:29,478 [1] INFO  SandBox.Program RecupererNomApplication - [MAIN] RecupererNomApplication() [FIN] - Nom Application : TELEMAQUE
2018-01-05 11:48:29,587 [1] INFO  SandBox.Program MiseEnPlaceRaccourcis - [MAIN] MiseEnPlaceRaccourcis() - user.config = C:\Users\Mathias\AppData\Local\Safeware\TELEMAQUE_-_UnisBox.exe_Url_whdkfzl5hqa5cn4u5k4ridulpe2ppkjs\1.0.8.98\user.config
2018-01-05 11:48:29,690 [1] DEBUG SandBox.Main webBrowser_Navigated - URL=about:blank
2018-01-05 11:48:35,151 [1] DEBUG SandBox.Main webBrowser_Navigated - URL=http://localhost/safeware/telemaque_new/gestion/login.asp?machine=Diderot
2018-01-05 11:48:35,154 [1] INFO  SandBox.Main webBrowser_Navigated - MachineName = DIDEROT
2018-01-05 11:48:35,165 [1] INFO  SandBox.Program RecupererIcone - [MAIN] RecupererIcone() [DEBUT]
2018-01-05 11:48:35,204 [1] DEBUG SandBox.Program RecupererIcone - Proxy host = http://localhost/safeware/telemaque_new/
2018-01-05 11:48:35,206 [1] DEBUG SandBox.Program RecupererIcone - Proxy login = 
2018-01-05 11:48:35,207 [1] DEBUG SandBox.Main RecupererIcone - webbrowser cookie = langue=fr; ASPSESSIONIDSSQTCQSS=FPHLGIKDNFLMEJMNEOBHIGNP
2018-01-05 11:48:35,209 [1] DEBUG SandBox.Main RecupererIcone - header cookie = langue=fr; ASPSESSIONIDSSQTCQSS=FPHLGIKDNFLMEJMNEOBHIGNP
2018-01-05 11:48:35,305 [1] INFO  SandBox.Program RecupererIcone - [MAIN] RecupererIcone() [FIN]
2018-01-05 11:48:35,314 [1] INFO  SandBox.Program RecupererVersion - [MAIN] RecupererVersion() [DEBUT]
2018-01-05 11:48:35,340 [1] DEBUG SandBox.Program RecupererVersion - Proxy host = http://localhost/safeware/telemaque_new/
2018-01-05 11:48:35,342 [1] DEBUG SandBox.Program RecupererVersion - Proxy login = 
2018-01-05 11:48:35,343 [1] DEBUG SandBox.Main RecupererVersion - webbrowser cookie = langue=fr; ASPSESSIONIDSSQTCQSS=FPHLGIKDNFLMEJMNEOBHIGNP
2018-01-05 11:48:35,345 [1] DEBUG SandBox.Main RecupererVersion - header cookie = langue=fr; ASPSESSIONIDSSQTCQSS=FPHLGIKDNFLMEJMNEOBHIGNP
2018-01-05 11:48:35,353 [1] INFO  SandBox.Program RecupererVersion - [MAIN] RecupererVersion() [FIN] - Version 1.9.3
2018-01-05 11:48:35,377 [1] INFO  SandBox.Program RecupererPeripheriques - [Main] RecupererPeripheriques() - [DEBUT]
2018-01-05 11:48:35,391 [1] INFO  SandBox.Program TraiterXML - [PeripheriqueManager] TraiterXML() - [DEBUT] Traitement de la liste des periphériques
2018-01-05 11:48:35,396 [1] INFO  SandBox.Program DownloadXML - [PeripheriqueManager] DownloadXML() - [DEBUT] Telechargement xml [DIDEROT]
2018-01-05 11:48:35,500 [1] INFO  SandBox.Program DownloadXML - [PeripheriqueManager] DownloadXML() - [FIN] Telechargement xml termine
2018-01-05 11:48:35,502 [1] INFO  SandBox.Program TraiterXML - [PeripheriqueManager] TraiterXML() - [FIN] Traitement de la liste des periphériques terminé
2018-01-05 11:48:35,504 [1] INFO  SandBox.Program RecupererPeripheriques - [Main] RecupererPeripheriques() - Liste des peripherique:
2018-01-05 11:48:35,508 [1] INFO  SandBox.Program afficher - [PeripheriqueInfos]  Nom:Lecteur Ecran Clavier | type_port:PS2 | bit_seconde:0 | bit_donnees:0 | parite: | bit_arret: | controle_flux: | port: | webservice:http://localhost/safeware/ws_unis/WSDEVICE.asmx/ | ws_username:safeware | ws_password:B5Pxqukr9unnSk6/i6423Q== | traitement:BADGE | avant: | apres: | debut:0 | longueur:0 | longueur_max:0 | decoupe:0 | conversion:0
2018-01-05 11:48:35,518 [1] INFO  SandBox.Program afficher - [PeripheriqueInfos]  Nom:SWISS READER | type_port:PS2 | bit_seconde:0 | bit_donnees:0 | parite: | bit_arret: | controle_flux: | port: | webservice:http://localhost/safeware/ws_unis/WSDEVICE.asmx/ | ws_username:safeware | ws_password:B5Pxqukr9unnSk6/i6423Q== | traitement:SWISS_READER | avant: | apres: | debut:0 | longueur:0 | longueur_max:0 | decoupe:0 | conversion:0
2018-01-05 11:48:35,523 [1] INFO  SandBox.Program RecupererPeripheriques - [Main] RecupererPeripheriques() - [FIN] Récuperation périphériques terminée
2018-01-05 11:49:20,030 [1] INFO  SandBox.Program Main - =============================================================================================
2018-01-05 11:49:20,060 [1] INFO  SandBox.Program Main - Program.Main() Execution
2018-01-05 11:49:20,082 [1] INFO  SandBox.Program Main - urlApplication=http://localhost/safeware/telemaque_new/
2018-01-05 11:49:20,082 [1] INFO  SandBox.Program Main - nomApplication=TELEMAQUE
2018-01-05 11:49:20,211 [1] INFO  SandBox.Program .ctor - [MAIN] init config log4net
2018-01-05 11:49:20,227 [1] INFO  SandBox.Program .ctor - [MAIN] recup url application ico
2018-01-05 11:49:20,246 [1] INFO  SandBox.Program RecupererUrl - [MAIN] RecupererUrl() [DEBUT]
2018-01-05 11:49:20,247 [1] INFO  SandBox.Program RecupererUrl - [MAIN] RecupererUrl() [FIN] - URL:http://localhost/safeware/telemaque_new/
2018-01-05 11:49:20,249 [1] INFO  SandBox.Program RecupererNomApplication - [MAIN] RecupererNomApplication() [DEBUT]
2018-01-05 11:49:20,250 [1] INFO  SandBox.Program RecupererNomApplication - [MAIN] RecupererNomApplication() [FIN] - Nom Application : TELEMAQUE
2018-01-05 11:49:20,327 [1] INFO  SandBox.Program MiseEnPlaceRaccourcis - [MAIN] MiseEnPlaceRaccourcis() - user.config = C:\Users\Mathias\AppData\Local\Safeware\TELEMAQUE_-_UnisBox.exe_Url_whdkfzl5hqa5cn4u5k4ridulpe2ppkjs\1.0.8.98\user.config
2018-01-05 11:49:20,414 [1] DEBUG SandBox.Main webBrowser_Navigated - URL=about:blank
2018-01-05 11:49:25,558 [1] DEBUG SandBox.Main webBrowser_Navigated - URL=http://localhost/safeware/telemaque_new/gestion/login.asp?machine=Diderot
2018-01-05 11:49:25,559 [1] INFO  SandBox.Main webBrowser_Navigated - MachineName = DIDEROT
2018-01-05 11:49:25,562 [1] INFO  SandBox.Program RecupererIcone - [MAIN] RecupererIcone() [DEBUT]
2018-01-05 11:49:25,573 [1] DEBUG SandBox.Program RecupererIcone - Proxy host = http://localhost/safeware/telemaque_new/
2018-01-05 11:49:25,574 [1] DEBUG SandBox.Program RecupererIcone - Proxy login = 
2018-01-05 11:49:25,575 [1] DEBUG SandBox.Main RecupererIcone - webbrowser cookie = langue=fr; ASPSESSIONIDSSQTCQSS=HPHLGIKDAFEFKGDDMOEFFDCL
2018-01-05 11:49:25,575 [1] DEBUG SandBox.Main RecupererIcone - header cookie = langue=fr; ASPSESSIONIDSSQTCQSS=HPHLGIKDAFEFKGDDMOEFFDCL
2018-01-05 11:49:25,595 [1] INFO  SandBox.Program RecupererIcone - [MAIN] RecupererIcone() [FIN]
2018-01-05 11:49:25,597 [1] INFO  SandBox.Program RecupererVersion - [MAIN] RecupererVersion() [DEBUT]
2018-01-05 11:49:25,604 [1] DEBUG SandBox.Program RecupererVersion - Proxy host = http://localhost/safeware/telemaque_new/
2018-01-05 11:49:25,605 [1] DEBUG SandBox.Program RecupererVersion - Proxy login = 
2018-01-05 11:49:25,605 [1] DEBUG SandBox.Main RecupererVersion - webbrowser cookie = langue=fr; ASPSESSIONIDSSQTCQSS=HPHLGIKDAFEFKGDDMOEFFDCL
2018-01-05 11:49:25,605 [1] DEBUG SandBox.Main RecupererVersion - header cookie = langue=fr; ASPSESSIONIDSSQTCQSS=HPHLGIKDAFEFKGDDMOEFFDCL
2018-01-05 11:49:25,607 [1] INFO  SandBox.Program RecupererVersion - [MAIN] RecupererVersion() [FIN] - Version 1.9.3
2018-01-05 11:49:25,613 [1] INFO  SandBox.Program RecupererPeripheriques - [Main] RecupererPeripheriques() - [DEBUT]
2018-01-05 11:49:25,617 [1] INFO  SandBox.Program TraiterXML - [PeripheriqueManager] TraiterXML() - [DEBUT] Traitement de la liste des periphériques
2018-01-05 11:49:25,619 [1] INFO  SandBox.Program DownloadXML - [PeripheriqueManager] DownloadXML() - [DEBUT] Telechargement xml [DIDEROT]
2018-01-05 11:49:25,682 [1] INFO  SandBox.Program DownloadXML - [PeripheriqueManager] DownloadXML() - [FIN] Telechargement xml termine
2018-01-05 11:49:25,683 [1] INFO  SandBox.Program TraiterXML - [PeripheriqueManager] TraiterXML() - [FIN] Traitement de la liste des periphériques terminé
2018-01-05 11:49:25,683 [1] INFO  SandBox.Program RecupererPeripheriques - [Main] RecupererPeripheriques() - Liste des peripherique:
2018-01-05 11:49:25,685 [1] INFO  SandBox.Program afficher - [PeripheriqueInfos]  Nom:Lecteur Ecran Clavier | type_port:PS2 | bit_seconde:0 | bit_donnees:0 | parite: | bit_arret: | controle_flux: | port: | webservice:http://localhost/safeware/ws_unis/WSDEVICE.asmx/ | ws_username:safeware | ws_password:B5Pxqukr9unnSk6/i6423Q== | traitement:BADGE | avant: | apres: | debut:0 | longueur:0 | longueur_max:0 | decoupe:0 | conversion:0
2018-01-05 11:49:25,687 [1] INFO  SandBox.Program afficher - [PeripheriqueInfos]  Nom:SWISS READER | type_port:PS2 | bit_seconde:0 | bit_donnees:0 | parite: | bit_arret: | controle_flux: | port: | webservice:http://localhost/safeware/ws_unis/WSDEVICE.asmx/ | ws_username:safeware | ws_password:B5Pxqukr9unnSk6/i6423Q== | traitement:SWISS_READER | avant: | apres: | debut:0 | longueur:0 | longueur_max:0 | decoupe:0 | conversion:0
2018-01-05 11:49:25,689 [1] INFO  SandBox.Program RecupererPeripheriques - [Main] RecupererPeripheriques() - [FIN] Récuperation périphériques terminée
