2018-01-10 13:45:30,567 [1] INFO  SandBox.Program Main - =============================================================================================
2018-01-10 13:45:30,602 [1] INFO  SandBox.Program Main - Program.Main() Execution
2018-01-10 13:45:30,777 [1] INFO  SandBox.Program Main - urlApplication=http://localhost/safeware/telemaque_new/
2018-01-10 13:45:30,781 [1] INFO  SandBox.Program Main - nomApplication=TELEMAQUE
2018-01-10 13:45:30,932 [1] INFO  SandBox.Program .ctor - [MAIN] init config log4net
2018-01-10 13:45:30,944 [1] INFO  SandBox.Program .ctor - [MAIN] recup url application ico
2018-01-10 13:45:30,956 [1] INFO  SandBox.Program RecupererUrl - [MAIN] RecupererUrl() [DEBUT]
2018-01-10 13:45:30,962 [1] INFO  SandBox.Program RecupererUrl - [MAIN] RecupererUrl() [FIN] - URL:http://localhost/safeware/telemaque_new/
2018-01-10 13:45:30,981 [1] INFO  SandBox.Program RecupererNomApplication - [MAIN] RecupererNomApplication() [DEBUT]
2018-01-10 13:45:30,981 [1] INFO  SandBox.Program RecupererNomApplication - [MAIN] RecupererNomApplication() [FIN] - Nom Application : TELEMAQUE
2018-01-10 13:45:31,138 [1] INFO  SandBox.Program MiseEnPlaceRaccourcis - [MAIN] MiseEnPlaceRaccourcis() - user.config = C:\Users\Mathias\AppData\Local\Safeware\TELEMAQUE_-_UnisBox.exe_Url_kdlpgd3jf40hfy33kz50tnln4bncgkup\1.0.8.98\user.config
2018-01-10 13:45:31,401 [1] DEBUG SandBox.Main webBrowser_Navigated - URL=about:blank
2018-01-10 13:45:31,462 [1] INFO  SandBox.Program webBrowser_DocumentCompleted - document completed=about:blank
2018-01-10 13:45:32,987 [1] DEBUG SandBox.Main webBrowser_Navigated - URL=http://localhost/safeware/telemaque_new/gestion/login.asp?machine=Diderot
2018-01-10 13:45:32,991 [1] INFO  SandBox.Main webBrowser_Navigated - MachineName = DIDEROT
2018-01-10 13:45:32,999 [1] INFO  SandBox.Program RecupererIcone - [MAIN] RecupererIcone() [DEBUT]
2018-01-10 13:45:33,043 [1] INFO  SandBox.Program RecupererIcone - [MAIN] RecupererIcone() [FIN]
2018-01-10 13:45:33,047 [1] INFO  SandBox.Program RecupererVersion - [MAIN] RecupererVersion() [DEBUT]
2018-01-10 13:45:33,060 [1] INFO  SandBox.Program RecupererVersion - [MAIN] RecupererVersion() [FIN] - LabelSiteVersion
2018-01-10 13:45:38,495 [1] DEBUG SandBox.Main webBrowser_Navigated - URL=http://localhost/safeware/telemaque_new//ChangeLog.txt
2018-01-10 13:45:38,543 [1] DEBUG SandBox.Main webBrowser_Navigated - URL=http://localhost/safeware/telemaque_new/gestion/login.asp?machine=DIDEROT&sandbox=true
2018-01-10 13:45:38,585 [1] INFO  SandBox.Program webBrowser_DocumentCompleted - document completed=http://localhost/safeware/telemaque_new/gestion/login.asp?machine=DIDEROT&sandbox=true
2018-01-10 13:47:07,023 [1] INFO  SandBox.Program Main - =============================================================================================
2018-01-10 13:47:07,054 [1] INFO  SandBox.Program Main - Program.Main() Execution
2018-01-10 13:47:07,101 [1] INFO  SandBox.Program Main - urlApplication=http://localhost/safeware/telemaque_new/
2018-01-10 13:47:07,104 [1] INFO  SandBox.Program Main - nomApplication=TELEMAQUE
2018-01-10 13:47:07,196 [1] INFO  SandBox.Program .ctor - [MAIN] init config log4net
2018-01-10 13:47:07,206 [1] INFO  SandBox.Program .ctor - [MAIN] recup url application ico
2018-01-10 13:47:07,213 [1] INFO  SandBox.Program RecupererUrl - [MAIN] RecupererUrl() [DEBUT]
2018-01-10 13:47:07,216 [1] INFO  SandBox.Program RecupererUrl - [MAIN] RecupererUrl() [FIN] - URL:http://localhost/safeware/telemaque_new/
2018-01-10 13:47:07,229 [1] INFO  SandBox.Program RecupererNomApplication - [MAIN] RecupererNomApplication() [DEBUT]
2018-01-10 13:47:07,232 [1] INFO  SandBox.Program RecupererNomApplication - [MAIN] RecupererNomApplication() [FIN] - Nom Application : TELEMAQUE
2018-01-10 13:47:07,283 [1] INFO  SandBox.Program MiseEnPlaceRaccourcis - [MAIN] MiseEnPlaceRaccourcis() - user.config = C:\Users\Mathias\AppData\Local\Safeware\TELEMAQUE_-_UnisBox.exe_Url_kdlpgd3jf40hfy33kz50tnln4bncgkup\1.0.8.98\user.config
2018-01-10 13:47:07,367 [1] DEBUG SandBox.Main webBrowser_Navigated - URL=about:blank
2018-01-10 13:47:07,468 [1] INFO  SandBox.Program webBrowser_DocumentCompleted - document completed=about:blank
2018-01-10 13:47:07,634 [1] DEBUG SandBox.Main webBrowser_Navigated - URL=http://localhost/safeware/telemaque_new/gestion/login.asp?machine=Diderot
2018-01-10 13:47:07,639 [1] INFO  SandBox.Main webBrowser_Navigated - MachineName = DIDEROT
2018-01-10 13:47:07,645 [1] INFO  SandBox.Program RecupererIcone - [MAIN] RecupererIcone() [DEBUT]
2018-01-10 13:47:07,651 [1] INFO  SandBox.Program RecupererIcone - [MAIN] RecupererIcone() [FIN]
2018-01-10 13:47:07,656 [1] INFO  SandBox.Program RecupererVersion - [MAIN] RecupererVersion() [DEBUT]
2018-01-10 13:47:15,108 [1] INFO  SandBox.Program RecupererVersion - [MAIN] RecupererVersion() [FIN] - LabelSiteVersion
2018-01-10 13:47:15,116 [1] DEBUG SandBox.Main webBrowser_Navigated - URL=http://localhost/safeware/telemaque_new//ChangeLog.txt
2018-01-10 13:47:15,163 [1] DEBUG SandBox.Main webBrowser_Navigated - URL=http://localhost/safeware/telemaque_new/gestion/login.asp?machine=DIDEROT&sandbox=true
2018-01-10 13:47:15,200 [1] INFO  SandBox.Program webBrowser_DocumentCompleted - document completed=http://localhost/safeware/telemaque_new/gestion/login.asp?machine=DIDEROT&sandbox=true
2018-01-10 13:49:27,826 [1] INFO  SandBox.Program Main - =============================================================================================
2018-01-10 13:49:27,857 [1] INFO  SandBox.Program Main - Program.Main() Execution
2018-01-10 13:49:27,893 [1] INFO  SandBox.Program Main - urlApplication=http://localhost/safeware/telemaque_new/
2018-01-10 13:49:27,897 [1] INFO  SandBox.Program Main - nomApplication=TELEMAQUE
2018-01-10 13:49:27,995 [1] INFO  SandBox.Program .ctor - [MAIN] init config log4net
2018-01-10 13:49:28,007 [1] INFO  SandBox.Program .ctor - [MAIN] recup url application ico
2018-01-10 13:49:28,016 [1] INFO  SandBox.Program RecupererUrl - [MAIN] RecupererUrl() [DEBUT]
2018-01-10 13:49:28,019 [1] INFO  SandBox.Program RecupererUrl - [MAIN] RecupererUrl() [FIN] - URL:http://localhost/safeware/telemaque_new/
2018-01-10 13:49:28,042 [1] INFO  SandBox.Program RecupererNomApplication - [MAIN] RecupererNomApplication() [DEBUT]
2018-01-10 13:49:28,046 [1] INFO  SandBox.Program RecupererNomApplication - [MAIN] RecupererNomApplication() [FIN] - Nom Application : TELEMAQUE
2018-01-10 13:49:28,118 [1] INFO  SandBox.Program MiseEnPlaceRaccourcis - [MAIN] MiseEnPlaceRaccourcis() - user.config = C:\Users\Mathias\AppData\Local\Safeware\TELEMAQUE_-_UnisBox.exe_Url_kdlpgd3jf40hfy33kz50tnln4bncgkup\1.0.8.98\user.config
2018-01-10 13:49:28,251 [1] DEBUG SandBox.Main webBrowser_Navigated - URL=about:blank
2018-01-10 13:49:28,347 [1] INFO  SandBox.Program webBrowser_DocumentCompleted - document completed=about:blank
2018-01-10 13:49:28,526 [1] DEBUG SandBox.Main webBrowser_Navigated - URL=http://localhost/safeware/telemaque_new/gestion/login.asp?machine=Diderot
2018-01-10 13:49:28,533 [1] INFO  SandBox.Main webBrowser_Navigated - MachineName = DIDEROT
2018-01-10 13:49:28,538 [1] INFO  SandBox.Program RecupererIcone - [MAIN] RecupererIcone() [DEBUT]
2018-01-10 13:49:28,545 [1] INFO  SandBox.Program RecupererIcone - [MAIN] RecupererIcone() [FIN]
2018-01-10 13:49:28,550 [1] INFO  SandBox.Program RecupererVersion - [MAIN] RecupererVersion() [DEBUT]
2018-01-10 13:49:28,556 [1] INFO  SandBox.Program RecupererVersion - [MAIN] RecupererVersion() [FIN] - LabelSiteVersion
2018-01-10 13:49:30,804 [1] INFO  SandBox.Program RecupererPeripheriques - [Main] RecupererPeripheriques() - [DEBUT]
2018-01-10 13:49:30,809 [1] INFO  SandBox.Program TraiterXML - [PeripheriqueManager] TraiterXML() - [DEBUT] Traitement de la liste des periphériques
2018-01-10 13:49:30,818 [1] INFO  SandBox.Program DownloadXML - [PeripheriqueManager] DownloadXML() - [DEBUT] Telechargement xml [DIDEROT]
2018-01-10 13:52:28,732 [1] INFO  SandBox.Program Main - =============================================================================================
2018-01-10 13:52:28,762 [1] INFO  SandBox.Program Main - Program.Main() Execution
2018-01-10 13:52:28,805 [1] INFO  SandBox.Program Main - urlApplication=http://localhost/safeware/telemaque_new/
2018-01-10 13:52:28,808 [1] INFO  SandBox.Program Main - nomApplication=TELEMAQUE
2018-01-10 13:52:28,913 [1] INFO  SandBox.Program .ctor - [MAIN] init config log4net
2018-01-10 13:52:28,925 [1] INFO  SandBox.Program .ctor - [MAIN] recup url application ico
2018-01-10 13:52:28,933 [1] INFO  SandBox.Program RecupererUrl - [MAIN] RecupererUrl() [DEBUT]
2018-01-10 13:52:28,937 [1] INFO  SandBox.Program RecupererUrl - [MAIN] RecupererUrl() [FIN] - URL:http://localhost/safeware/telemaque_new/
2018-01-10 13:52:28,948 [1] INFO  SandBox.Program RecupererNomApplication - [MAIN] RecupererNomApplication() [DEBUT]
2018-01-10 13:52:28,951 [1] INFO  SandBox.Program RecupererNomApplication - [MAIN] RecupererNomApplication() [FIN] - Nom Application : TELEMAQUE
2018-01-10 13:52:29,001 [1] INFO  SandBox.Program MiseEnPlaceRaccourcis - [MAIN] MiseEnPlaceRaccourcis() - user.config = C:\Users\Mathias\AppData\Local\Safeware\TELEMAQUE_-_UnisBox.exe_Url_kdlpgd3jf40hfy33kz50tnln4bncgkup\1.0.8.98\user.config
2018-01-10 13:52:29,139 [1] DEBUG SandBox.Main webBrowser_Navigated - URL=about:blank
2018-01-10 13:52:29,209 [1] INFO  SandBox.Program webBrowser_DocumentCompleted - document completed=about:blank
2018-01-10 13:52:29,373 [1] DEBUG SandBox.Main webBrowser_Navigated - URL=http://localhost/safeware/telemaque_new/gestion/login.asp?machine=Diderot
2018-01-10 13:52:29,378 [1] INFO  SandBox.Main webBrowser_Navigated - MachineName = DIDEROT
2018-01-10 13:52:29,383 [1] INFO  SandBox.Program RecupererIcone - [MAIN] RecupererIcone() [DEBUT]
2018-01-10 13:52:29,389 [1] INFO  SandBox.Program RecupererIcone - [MAIN] RecupererIcone() [FIN]
2018-01-10 13:52:29,394 [1] INFO  SandBox.Program RecupererVersion - [MAIN] RecupererVersion() [DEBUT]
2018-01-10 13:52:29,401 [1] INFO  SandBox.Program RecupererVersion - [MAIN] RecupererVersion() [FIN] - LabelSiteVersion
2018-01-10 13:52:31,157 [1] INFO  SandBox.Program RecupererPeripheriques - [Main] RecupererPeripheriques() - [DEBUT]
2018-01-10 13:52:31,163 [1] INFO  SandBox.Program TraiterXML - [PeripheriqueManager] TraiterXML() - [DEBUT] Traitement de la liste des periphériques
2018-01-10 13:52:31,171 [1] INFO  SandBox.Program DownloadXML - [PeripheriqueManager] DownloadXML() - [DEBUT] Telechargement xml [DIDEROT]
2018-01-10 13:52:45,373 [1] INFO  SandBox.Program Main - =============================================================================================
2018-01-10 13:52:45,408 [1] INFO  SandBox.Program Main - Program.Main() Execution
2018-01-10 13:52:45,447 [1] INFO  SandBox.Program Main - urlApplication=http://localhost/safeware/telemaque_new/
2018-01-10 13:52:45,451 [1] INFO  SandBox.Program Main - nomApplication=TELEMAQUE
2018-01-10 13:52:45,557 [1] INFO  SandBox.Program .ctor - [MAIN] init config log4net
2018-01-10 13:52:45,569 [1] INFO  SandBox.Program .ctor - [MAIN] recup url application ico
2018-01-10 13:52:45,580 [1] INFO  SandBox.Program RecupererUrl - [MAIN] RecupererUrl() [DEBUT]
2018-01-10 13:52:45,583 [1] INFO  SandBox.Program RecupererUrl - [MAIN] RecupererUrl() [FIN] - URL:http://localhost/safeware/telemaque_new/
2018-01-10 13:52:45,590 [1] INFO  SandBox.Program RecupererNomApplication - [MAIN] RecupererNomApplication() [DEBUT]
2018-01-10 13:52:45,592 [1] INFO  SandBox.Program RecupererNomApplication - [MAIN] RecupererNomApplication() [FIN] - Nom Application : TELEMAQUE
2018-01-10 13:52:45,665 [1] INFO  SandBox.Program MiseEnPlaceRaccourcis - [MAIN] MiseEnPlaceRaccourcis() - user.config = C:\Users\Mathias\AppData\Local\Safeware\TELEMAQUE_-_UnisBox.exe_Url_kdlpgd3jf40hfy33kz50tnln4bncgkup\1.0.8.98\user.config
2018-01-10 13:52:45,813 [1] DEBUG SandBox.Main webBrowser_Navigated - URL=about:blank
2018-01-10 13:52:45,882 [1] INFO  SandBox.Program webBrowser_DocumentCompleted - document completed=about:blank
2018-01-10 13:52:46,034 [1] DEBUG SandBox.Main webBrowser_Navigated - URL=http://localhost/safeware/telemaque_new/gestion/login.asp?machine=Diderot
2018-01-10 13:52:46,039 [1] INFO  SandBox.Main webBrowser_Navigated - MachineName = DIDEROT
2018-01-10 13:52:46,044 [1] INFO  SandBox.Program RecupererIcone - [MAIN] RecupererIcone() [DEBUT]
2018-01-10 13:52:46,051 [1] INFO  SandBox.Program RecupererIcone - [MAIN] RecupererIcone() [FIN]
2018-01-10 13:52:46,055 [1] INFO  SandBox.Program RecupererVersion - [MAIN] RecupererVersion() [DEBUT]
2018-01-10 13:52:46,062 [1] INFO  SandBox.Program RecupererVersion - [MAIN] RecupererVersion() [FIN] - LabelSiteVersion
2018-01-10 13:52:46,089 [1] INFO  SandBox.Program webBrowser_DocumentCompleted - document completed=http://localhost/safeware/telemaque_new/gestion/login.asp?machine=Diderot
2018-01-10 13:52:46,220 [1] DEBUG SandBox.Main webBrowser_Navigated - URL=http://localhost/safeware/telemaque_new/gestion/login.asp?machine=DIDEROT&sandbox=true
2018-01-10 13:52:46,239 [1] INFO  SandBox.Program webBrowser_DocumentCompleted - document completed=http://localhost/safeware/telemaque_new/gestion/login.asp?machine=DIDEROT&sandbox=true
2018-01-10 13:52:54,077 [1] DEBUG SandBox.Main webBrowser_Navigated - URL=http://localhost/safeware/telemaque_new/gestion/liste_accueil.asp
2018-01-10 13:52:54,137 [1] INFO  SandBox.Program webBrowser_DocumentCompleted - document completed=http://localhost/safeware/telemaque_new/gestion/liste_accueil.asp
2018-01-10 13:52:54,454 [1] DEBUG SandBox.Main webBrowser_Navigated - URL=http://localhost/safeware/telemaque_new/gestion/liste_accueil.asp
2018-01-10 13:52:54,459 [1] INFO  SandBox.Program webBrowser_DocumentCompleted - document completed=http://localhost/safeware/telemaque_new/gestion/alert.asp?export=true
2018-01-10 13:53:28,148 [1] INFO  SandBox.Program RecupererPeripheriques - [Main] RecupererPeripheriques() - [DEBUT]
2018-01-10 13:53:28,159 [1] INFO  SandBox.Program TraiterXML - [PeripheriqueManager] TraiterXML() - [DEBUT] Traitement de la liste des periphériques
2018-01-10 13:53:28,165 [1] INFO  SandBox.Program DownloadXML - [PeripheriqueManager] DownloadXML() - [DEBUT] Telechargement xml [DIDEROT]
2018-01-10 13:53:28,233 [1] DEBUG SandBox.Main webBrowser_Navigated - URL=http://localhost/safeware/telemaque_new/devices/devices.asp?machine=DIDEROT
2018-01-10 13:53:28,259 [1] INFO  SandBox.Program webBrowser_DocumentCompleted - document completed=http://localhost/safeware/telemaque_new/devices/devices.asp?machine=DIDEROT
2018-01-10 13:53:28,307 [1] INFO  SandBox.Program DownloadXML - [PeripheriqueManager] DownloadXML() - [FIN] Telechargement xml termine
2018-01-10 13:53:28,313 [1] INFO  SandBox.Program TraiterXML - [PeripheriqueManager] TraiterXML() - [FIN] Traitement de la liste des periphériques terminé
2018-01-10 13:53:28,317 [1] INFO  SandBox.Program RecupererPeripheriques - [Main] RecupererPeripheriques() - Liste des peripherique:
2018-01-10 13:53:28,323 [1] INFO  SandBox.Program afficher - [PeripheriqueInfos]  Nom:Lecteur Ecran Clavier | type_port:PS2 | bit_seconde:0 | bit_donnees:0 | parite: | bit_arret: | controle_flux: | port: | webservice:http://localhost/safeware/ws_unis/WSDEVICE.asmx/ | ws_username:safeware | ws_password:B5Pxqukr9unnSk6/i6423Q== | traitement:BADGE | avant: | apres: | debut:0 | longueur:0 | longueur_max:0 | decoupe:0 | conversion:0
2018-01-10 13:53:28,329 [1] INFO  SandBox.Program afficher - [PeripheriqueInfos]  Nom:SWISS READER | type_port:PS2 | bit_seconde:0 | bit_donnees:0 | parite: | bit_arret: | controle_flux: | port: | webservice:http://localhost/safeware/ws_unis/WSDEVICE.asmx/ | ws_username:safeware | ws_password:B5Pxqukr9unnSk6/i6423Q== | traitement:SWISS_READER | avant: | apres: | debut:0 | longueur:0 | longueur_max:0 | decoupe:0 | conversion:0
2018-01-10 13:53:28,336 [1] INFO  SandBox.Program RecupererPeripheriques - [Main] RecupererPeripheriques() - [FIN] Récuperation périphériques terminée
2018-01-10 13:53:29,877 [1] DEBUG SandBox.Main webBrowser_Navigated - URL=http://localhost/safeware/telemaque_new/gestion/liste_accueil.asp
2018-01-10 13:53:29,902 [1] INFO  SandBox.Program webBrowser_DocumentCompleted - document completed=http://localhost/safeware/telemaque_new/gestion/liste_accueil.asp
2018-01-10 13:53:30,034 [1] DEBUG SandBox.Main webBrowser_Navigated - URL=http://localhost/safeware/telemaque_new/gestion/liste_accueil.asp
2018-01-10 13:53:30,044 [1] INFO  SandBox.Program webBrowser_DocumentCompleted - document completed=http://localhost/safeware/telemaque_new/gestion/alert.asp?export=true
2018-01-10 13:57:52,821 [1] INFO  SandBox.Program Main - =============================================================================================
2018-01-10 13:57:52,853 [1] INFO  SandBox.Program Main - Program.Main() Execution
2018-01-10 13:57:52,893 [1] INFO  SandBox.Program Main - urlApplication=http://localhost/safeware/telemaque_new/
2018-01-10 13:57:52,896 [1] INFO  SandBox.Program Main - nomApplication=TELEMAQUE
2018-01-10 13:57:52,996 [1] INFO  SandBox.Program .ctor - [MAIN] init config log4net
2018-01-10 13:57:53,010 [1] INFO  SandBox.Program .ctor - [MAIN] recup url application ico
2018-01-10 13:57:53,021 [1] INFO  SandBox.Program RecupererUrl - [MAIN] RecupererUrl() [DEBUT]
2018-01-10 13:57:53,023 [1] INFO  SandBox.Program RecupererUrl - [MAIN] RecupererUrl() [FIN] - URL:http://localhost/safeware/telemaque_new/
2018-01-10 13:57:53,041 [1] INFO  SandBox.Program RecupererNomApplication - [MAIN] RecupererNomApplication() [DEBUT]
2018-01-10 13:57:53,043 [1] INFO  SandBox.Program RecupererNomApplication - [MAIN] RecupererNomApplication() [FIN] - Nom Application : TELEMAQUE
2018-01-10 13:57:53,095 [1] INFO  SandBox.Program MiseEnPlaceRaccourcis - [MAIN] MiseEnPlaceRaccourcis() - user.config = C:\Users\Mathias\AppData\Local\Safeware\TELEMAQUE_-_UnisBox.exe_Url_kdlpgd3jf40hfy33kz50tnln4bncgkup\1.0.8.98\user.config
2018-01-10 13:57:53,229 [1] DEBUG SandBox.Main webBrowser_Navigated - URL=about:blank
2018-01-10 13:57:53,299 [1] INFO  SandBox.Program webBrowser_DocumentCompleted - document completed=about:blank
2018-01-10 13:57:53,496 [1] DEBUG SandBox.Main webBrowser_Navigated - URL=http://localhost/safeware/telemaque_new/gestion/login.asp?machine=Diderot
2018-01-10 13:57:53,502 [1] INFO  SandBox.Main webBrowser_Navigated - MachineName = DIDEROT
2018-01-10 13:57:53,508 [1] INFO  SandBox.Program RecupererIcone - [MAIN] RecupererIcone() [DEBUT]
2018-01-10 13:57:53,515 [1] INFO  SandBox.Program RecupererIcone - [MAIN] RecupererIcone() [FIN]
2018-01-10 13:57:53,519 [1] INFO  SandBox.Program RecupererVersion - [MAIN] RecupererVersion() [DEBUT]
2018-01-10 13:57:53,525 [1] INFO  SandBox.Program RecupererVersion - [MAIN] RecupererVersion() [FIN] - LabelSiteVersion
2018-01-10 13:57:53,553 [1] INFO  SandBox.Program webBrowser_DocumentCompleted - document completed=http://localhost/safeware/telemaque_new/gestion/login.asp?machine=Diderot
2018-01-10 13:57:53,683 [1] DEBUG SandBox.Main webBrowser_Navigated - URL=http://localhost/safeware/telemaque_new/gestion/login.asp?machine=DIDEROT&sandbox=true
2018-01-10 13:57:53,702 [1] INFO  SandBox.Program webBrowser_DocumentCompleted - document completed=http://localhost/safeware/telemaque_new/gestion/login.asp?machine=DIDEROT&sandbox=true
2018-01-10 13:57:58,762 [1] DEBUG SandBox.Main webBrowser_Navigated - URL=http://localhost/safeware/telemaque_new/gestion/liste_accueil.asp
2018-01-10 13:57:58,787 [1] INFO  SandBox.Program webBrowser_DocumentCompleted - document completed=http://localhost/safeware/telemaque_new/gestion/liste_accueil.asp
2018-01-10 13:57:58,964 [1] DEBUG SandBox.Main webBrowser_Navigated - URL=http://localhost/safeware/telemaque_new/gestion/liste_accueil.asp
2018-01-10 13:57:58,976 [1] INFO  SandBox.Program webBrowser_DocumentCompleted - document completed=http://localhost/safeware/telemaque_new/gestion/alert.asp?export=true
2018-01-10 13:58:01,216 [1] INFO  SandBox.Program RecupererPeripheriques - [Main] RecupererPeripheriques() - [DEBUT]
2018-01-10 13:58:01,225 [1] INFO  SandBox.Program TraiterXML - [PeripheriqueManager] TraiterXML() - [DEBUT] Traitement de la liste des periphériques
2018-01-10 13:58:01,233 [1] INFO  SandBox.Program DownloadXML - [PeripheriqueManager] DownloadXML() - [DEBUT] Telechargement xml [DIDEROT]
2018-01-10 13:58:01,294 [1] DEBUG SandBox.Main webBrowser_Navigated - URL=http://localhost/safeware/telemaque_new/devices/devices.asp?machine=DIDEROT
2018-01-10 13:58:01,308 [1] INFO  SandBox.Program webBrowser_DocumentCompleted - document completed=http://localhost/safeware/telemaque_new/devices/devices.asp?machine=DIDEROT
2018-01-10 13:58:01,351 [1] INFO  SandBox.Program DownloadXML - [PeripheriqueManager] DownloadXML() - [FIN] Telechargement xml termine
2018-01-10 13:58:01,356 [1] INFO  SandBox.Program TraiterXML - [PeripheriqueManager] TraiterXML() - [FIN] Traitement de la liste des periphériques terminé
2018-01-10 13:58:01,360 [1] INFO  SandBox.Program RecupererPeripheriques - [Main] RecupererPeripheriques() - Liste des peripherique:
2018-01-10 13:58:01,365 [1] INFO  SandBox.Program afficher - [PeripheriqueInfos]  Nom:Lecteur Ecran Clavier | type_port:PS2 | bit_seconde:0 | bit_donnees:0 | parite: | bit_arret: | controle_flux: | port: | webservice:http://localhost/safeware/ws_unis/WSDEVICE.asmx/ | ws_username:safeware | ws_password:B5Pxqukr9unnSk6/i6423Q== | traitement:BADGE | avant: | apres: | debut:0 | longueur:0 | longueur_max:0 | decoupe:0 | conversion:0
2018-01-10 13:58:01,371 [1] INFO  SandBox.Program afficher - [PeripheriqueInfos]  Nom:SWISS READER | type_port:PS2 | bit_seconde:0 | bit_donnees:0 | parite: | bit_arret: | controle_flux: | port: | webservice:http://localhost/safeware/ws_unis/WSDEVICE.asmx/ | ws_username:safeware | ws_password:B5Pxqukr9unnSk6/i6423Q== | traitement:SWISS_READER | avant: | apres: | debut:0 | longueur:0 | longueur_max:0 | decoupe:0 | conversion:0
2018-01-10 13:58:01,378 [1] INFO  SandBox.Program RecupererPeripheriques - [Main] RecupererPeripheriques() - [FIN] Récuperation périphériques terminée
2018-01-10 13:58:04,462 [1] DEBUG SandBox.Main webBrowser_Navigated - URL=http://localhost/safeware/telemaque_new/gestion/liste_accueil.asp
2018-01-10 13:58:04,485 [1] INFO  SandBox.Program webBrowser_DocumentCompleted - document completed=http://localhost/safeware/telemaque_new/gestion/liste_accueil.asp
2018-01-10 13:58:04,635 [1] DEBUG SandBox.Main webBrowser_Navigated - URL=http://localhost/safeware/telemaque_new/gestion/liste_accueil.asp
2018-01-10 13:58:04,650 [1] INFO  SandBox.Program webBrowser_DocumentCompleted - document completed=http://localhost/safeware/telemaque_new/gestion/alert.asp?export=true
2018-01-10 13:58:12,223 [1] INFO  SandBox.Program RecupererPeripheriques - [Main] RecupererPeripheriques() - [DEBUT]
2018-01-10 13:58:12,229 [1] INFO  SandBox.Program TraiterXML - [PeripheriqueManager] TraiterXML() - [DEBUT] Traitement de la liste des periphériques
2018-01-10 13:58:12,236 [1] INFO  SandBox.Program DownloadXML - [PeripheriqueManager] DownloadXML() - [DEBUT] Telechargement xml [DIDEROT]
2018-01-10 13:58:12,292 [1] DEBUG SandBox.Main webBrowser_Navigated - URL=http://localhost/safeware/telemaque_new/devices/devices.asp?machine=DIDEROT
2018-01-10 13:58:12,305 [1] INFO  SandBox.Program webBrowser_DocumentCompleted - document completed=http://localhost/safeware/telemaque_new/devices/devices.asp?machine=DIDEROT
2018-01-10 13:58:12,322 [1] INFO  SandBox.Program DownloadXML - [PeripheriqueManager] DownloadXML() - [FIN] Telechargement xml termine
2018-01-10 13:58:12,327 [1] INFO  SandBox.Program TraiterXML - [PeripheriqueManager] TraiterXML() - [FIN] Traitement de la liste des periphériques terminé
2018-01-10 13:58:12,334 [1] INFO  SandBox.Program RecupererPeripheriques - [Main] RecupererPeripheriques() - Liste des peripherique:
2018-01-10 13:58:12,338 [1] INFO  SandBox.Program afficher - [PeripheriqueInfos]  Nom:Lecteur Ecran Clavier | type_port:PS2 | bit_seconde:0 | bit_donnees:0 | parite: | bit_arret: | controle_flux: | port: | webservice:http://localhost/safeware/ws_unis/WSDEVICE.asmx/ | ws_username:safeware | ws_password:B5Pxqukr9unnSk6/i6423Q== | traitement:BADGE | avant: | apres: | debut:0 | longueur:0 | longueur_max:0 | decoupe:0 | conversion:0
2018-01-10 13:58:12,344 [1] INFO  SandBox.Program afficher - [PeripheriqueInfos]  Nom:SWISS READER | type_port:PS2 | bit_seconde:0 | bit_donnees:0 | parite: | bit_arret: | controle_flux: | port: | webservice:http://localhost/safeware/ws_unis/WSDEVICE.asmx/ | ws_username:safeware | ws_password:B5Pxqukr9unnSk6/i6423Q== | traitement:SWISS_READER | avant: | apres: | debut:0 | longueur:0 | longueur_max:0 | decoupe:0 | conversion:0
2018-01-10 13:58:12,352 [1] INFO  SandBox.Program RecupererPeripheriques - [Main] RecupererPeripheriques() - [FIN] Récuperation périphériques terminée
2018-01-10 13:58:14,142 [1] DEBUG SandBox.Main webBrowser_Navigated - URL=http://localhost/safeware/telemaque_new/gestion/liste_accueil.asp
2018-01-10 13:58:14,165 [1] INFO  SandBox.Program webBrowser_DocumentCompleted - document completed=http://localhost/safeware/telemaque_new/gestion/liste_accueil.asp
2018-01-10 13:58:14,394 [1] DEBUG SandBox.Main webBrowser_Navigated - URL=http://localhost/safeware/telemaque_new/gestion/liste_accueil.asp
2018-01-10 13:58:14,402 [1] INFO  SandBox.Program webBrowser_DocumentCompleted - document completed=http://localhost/safeware/telemaque_new/gestion/alert.asp?export=true
2018-01-10 13:58:16,400 [1] INFO  SandBox.Program RecupererPeripheriques - [Main] RecupererPeripheriques() - [DEBUT]
2018-01-10 13:58:16,406 [1] INFO  SandBox.Program TraiterXML - [PeripheriqueManager] TraiterXML() - [DEBUT] Traitement de la liste des periphériques
2018-01-10 13:58:16,412 [1] INFO  SandBox.Program DownloadXML - [PeripheriqueManager] DownloadXML() - [DEBUT] Telechargement xml [DIDEROT]
2018-01-10 13:58:16,471 [1] DEBUG SandBox.Main webBrowser_Navigated - URL=http://localhost/safeware/telemaque_new/devices/devices.asp?machine=DIDEROT
2018-01-10 13:58:16,503 [1] INFO  SandBox.Program webBrowser_DocumentCompleted - document completed=http://localhost/safeware/telemaque_new/devices/devices.asp?machine=DIDEROT
2018-01-10 13:58:16,525 [1] INFO  SandBox.Program DownloadXML - [PeripheriqueManager] DownloadXML() - [FIN] Telechargement xml termine
2018-01-10 13:58:16,529 [1] INFO  SandBox.Program TraiterXML - [PeripheriqueManager] TraiterXML() - [FIN] Traitement de la liste des periphériques terminé
2018-01-10 13:58:16,535 [1] INFO  SandBox.Program RecupererPeripheriques - [Main] RecupererPeripheriques() - Liste des peripherique:
2018-01-10 13:58:16,539 [1] INFO  SandBox.Program afficher - [PeripheriqueInfos]  Nom:Lecteur Ecran Clavier | type_port:PS2 | bit_seconde:0 | bit_donnees:0 | parite: | bit_arret: | controle_flux: | port: | webservice:http://localhost/safeware/ws_unis/WSDEVICE.asmx/ | ws_username:safeware | ws_password:B5Pxqukr9unnSk6/i6423Q== | traitement:BADGE | avant: | apres: | debut:0 | longueur:0 | longueur_max:0 | decoupe:0 | conversion:0
2018-01-10 13:58:16,547 [1] INFO  SandBox.Program afficher - [PeripheriqueInfos]  Nom:SWISS READER | type_port:PS2 | bit_seconde:0 | bit_donnees:0 | parite: | bit_arret: | controle_flux: | port: | webservice:http://localhost/safeware/ws_unis/WSDEVICE.asmx/ | ws_username:safeware | ws_password:B5Pxqukr9unnSk6/i6423Q== | traitement:SWISS_READER | avant: | apres: | debut:0 | longueur:0 | longueur_max:0 | decoupe:0 | conversion:0
2018-01-10 13:58:16,552 [1] INFO  SandBox.Program RecupererPeripheriques - [Main] RecupererPeripheriques() - [FIN] Récuperation périphériques terminée
2018-01-10 13:58:18,889 [1] DEBUG SandBox.Main webBrowser_Navigated - URL=http://localhost/safeware/telemaque_new/gestion/liste_accueil.asp
2018-01-10 13:58:18,917 [1] INFO  SandBox.Program webBrowser_DocumentCompleted - document completed=http://localhost/safeware/telemaque_new/gestion/liste_accueil.asp
2018-01-10 13:58:19,064 [1] DEBUG SandBox.Main webBrowser_Navigated - URL=http://localhost/safeware/telemaque_new/gestion/liste_accueil.asp
2018-01-10 13:58:19,077 [1] INFO  SandBox.Program webBrowser_DocumentCompleted - document completed=http://localhost/safeware/telemaque_new/gestion/alert.asp?export=true
2018-01-10 13:58:20,410 [1] INFO  SandBox.Program RecupererPeripheriques - [Main] RecupererPeripheriques() - [DEBUT]
2018-01-10 13:58:20,415 [1] INFO  SandBox.Program TraiterXML - [PeripheriqueManager] TraiterXML() - [DEBUT] Traitement de la liste des periphériques
2018-01-10 13:58:20,421 [1] INFO  SandBox.Program DownloadXML - [PeripheriqueManager] DownloadXML() - [DEBUT] Telechargement xml [DIDEROT]
2018-01-10 13:58:20,481 [1] DEBUG SandBox.Main webBrowser_Navigated - URL=http://localhost/safeware/telemaque_new/devices/devices.asp?machine=DIDEROT
2018-01-10 13:58:20,494 [1] INFO  SandBox.Program webBrowser_DocumentCompleted - document completed=http://localhost/safeware/telemaque_new/devices/devices.asp?machine=DIDEROT
2018-01-10 13:58:20,510 [1] INFO  SandBox.Program DownloadXML - [PeripheriqueManager] DownloadXML() - [FIN] Telechargement xml termine
2018-01-10 13:58:20,514 [1] INFO  SandBox.Program TraiterXML - [PeripheriqueManager] TraiterXML() - [FIN] Traitement de la liste des periphériques terminé
2018-01-10 13:58:20,520 [1] INFO  SandBox.Program RecupererPeripheriques - [Main] RecupererPeripheriques() - Liste des peripherique:
2018-01-10 13:58:20,525 [1] INFO  SandBox.Program afficher - [PeripheriqueInfos]  Nom:Lecteur Ecran Clavier | type_port:PS2 | bit_seconde:0 | bit_donnees:0 | parite: | bit_arret: | controle_flux: | port: | webservice:http://localhost/safeware/ws_unis/WSDEVICE.asmx/ | ws_username:safeware | ws_password:B5Pxqukr9unnSk6/i6423Q== | traitement:BADGE | avant: | apres: | debut:0 | longueur:0 | longueur_max:0 | decoupe:0 | conversion:0
2018-01-10 13:58:20,530 [1] INFO  SandBox.Program afficher - [PeripheriqueInfos]  Nom:SWISS READER | type_port:PS2 | bit_seconde:0 | bit_donnees:0 | parite: | bit_arret: | controle_flux: | port: | webservice:http://localhost/safeware/ws_unis/WSDEVICE.asmx/ | ws_username:safeware | ws_password:B5Pxqukr9unnSk6/i6423Q== | traitement:SWISS_READER | avant: | apres: | debut:0 | longueur:0 | longueur_max:0 | decoupe:0 | conversion:0
2018-01-10 13:58:20,536 [1] INFO  SandBox.Program RecupererPeripheriques - [Main] RecupererPeripheriques() - [FIN] Récuperation périphériques terminée
2018-01-10 13:58:21,689 [1] DEBUG SandBox.Main webBrowser_Navigated - URL=http://localhost/safeware/telemaque_new/gestion/liste_accueil.asp
2018-01-10 13:58:21,714 [1] INFO  SandBox.Program webBrowser_DocumentCompleted - document completed=http://localhost/safeware/telemaque_new/gestion/liste_accueil.asp
2018-01-10 13:58:21,852 [1] DEBUG SandBox.Main webBrowser_Navigated - URL=http://localhost/safeware/telemaque_new/gestion/liste_accueil.asp
2018-01-10 13:58:21,863 [1] INFO  SandBox.Program webBrowser_DocumentCompleted - document completed=http://localhost/safeware/telemaque_new/gestion/alert.asp?export=true
2018-01-10 14:45:55,434 [1] INFO  SandBox.Program Main - =============================================================================================
2018-01-10 14:45:55,471 [1] INFO  SandBox.Program Main - Program.Main() Execution
2018-01-10 14:45:55,511 [1] INFO  SandBox.Program Main - urlApplication=http://localhost/safeware/telemaque_new/
2018-01-10 14:45:55,514 [1] INFO  SandBox.Program Main - nomApplication=TELEMAQUE
2018-01-10 14:45:55,636 [1] INFO  SandBox.Program .ctor - [MAIN] init config log4net
2018-01-10 14:45:55,653 [1] INFO  SandBox.Program .ctor - [MAIN] recup url application ico
2018-01-10 14:45:55,661 [1] INFO  SandBox.Program RecupererUrl - [MAIN] RecupererUrl() [DEBUT]
2018-01-10 14:45:55,665 [1] INFO  SandBox.Program RecupererUrl - [MAIN] RecupererUrl() [FIN] - URL:http://localhost/safeware/telemaque_new/
2018-01-10 14:45:55,682 [1] INFO  SandBox.Program RecupererNomApplication - [MAIN] RecupererNomApplication() [DEBUT]
2018-01-10 14:45:55,685 [1] INFO  SandBox.Program RecupererNomApplication - [MAIN] RecupererNomApplication() [FIN] - Nom Application : TELEMAQUE
2018-01-10 14:45:55,739 [1] INFO  SandBox.Program MiseEnPlaceRaccourcis - [MAIN] MiseEnPlaceRaccourcis() - user.config = C:\Users\Mathias\AppData\Local\Safeware\TELEMAQUE_-_UnisBox.exe_Url_kdlpgd3jf40hfy33kz50tnln4bncgkup\1.0.8.98\user.config
2018-01-10 14:45:55,884 [1] DEBUG SandBox.Main webBrowser_Navigated - URL=about:blank
2018-01-10 14:45:56,006 [1] INFO  SandBox.Program webBrowser_DocumentCompleted - document completed=about:blank
2018-01-10 14:45:56,219 [1] DEBUG SandBox.Main webBrowser_Navigated - URL=http://localhost/safeware/telemaque_new/gestion/login.asp?machine=Diderot
2018-01-10 14:45:56,223 [1] INFO  SandBox.Main webBrowser_Navigated - MachineName = DIDEROT
2018-01-10 14:45:56,229 [1] INFO  SandBox.Program RecupererIcone - [MAIN] RecupererIcone() [DEBUT]
2018-01-10 14:45:56,264 [1] INFO  SandBox.Program RecupererIcone - [MAIN] RecupererIcone() [FIN]
2018-01-10 14:45:56,271 [1] INFO  SandBox.Program RecupererVersion - [MAIN] RecupererVersion() [DEBUT]
2018-01-10 14:45:56,278 [1] INFO  SandBox.Program RecupererVersion - [MAIN] RecupererVersion() [FIN] - LabelSiteVersion
2018-01-10 14:45:56,305 [1] INFO  SandBox.Program webBrowser_DocumentCompleted - document completed=http://localhost/safeware/telemaque_new/gestion/login.asp?machine=Diderot
2018-01-10 14:45:56,413 [1] DEBUG SandBox.Main webBrowser_Navigated - URL=http://localhost/safeware/telemaque_new/gestion/login.asp?machine=DIDEROT&sandbox=true
2018-01-10 14:45:56,430 [1] INFO  SandBox.Program webBrowser_DocumentCompleted - document completed=http://localhost/safeware/telemaque_new/gestion/login.asp?machine=DIDEROT&sandbox=true
2018-01-10 14:46:01,981 [1] DEBUG SandBox.Main webBrowser_Navigated - URL=http://localhost/safeware/telemaque_new/gestion/liste_accueil.asp
2018-01-10 14:46:02,006 [1] INFO  SandBox.Program webBrowser_DocumentCompleted - document completed=http://localhost/safeware/telemaque_new/gestion/liste_accueil.asp
2018-01-10 14:46:02,168 [1] DEBUG SandBox.Main webBrowser_Navigated - URL=http://localhost/safeware/telemaque_new/gestion/liste_accueil.asp
2018-01-10 14:46:02,174 [1] INFO  SandBox.Program webBrowser_DocumentCompleted - document completed=http://localhost/safeware/telemaque_new/gestion/alert.asp?export=true
2018-01-10 14:46:29,693 [1] INFO  SandBox.Program RecupererPeripheriques - [Main] RecupererPeripheriques() - [DEBUT]
2018-01-10 14:46:29,701 [1] INFO  SandBox.Program TraiterXML - [PeripheriqueManager] TraiterXML() - [DEBUT] Traitement de la liste des periphériques
2018-01-10 14:46:29,707 [1] INFO  SandBox.Program DownloadXML - [PeripheriqueManager] DownloadXML() - [DEBUT] Telechargement xml [DIDEROT]
2018-01-10 14:46:29,767 [1] DEBUG SandBox.Main webBrowser_Navigated - URL=http://localhost/safeware/telemaque_new/devices/devices.asp?machine=DIDEROT
2018-01-10 14:46:29,781 [1] INFO  SandBox.Program webBrowser_DocumentCompleted - document completed=http://localhost/safeware/telemaque_new/devices/devices.asp?machine=DIDEROT
2018-01-10 14:46:29,827 [1] INFO  SandBox.Program DownloadXML - [PeripheriqueManager] DownloadXML() - [FIN] Telechargement xml termine
2018-01-10 14:46:29,833 [1] INFO  SandBox.Program TraiterXML - [PeripheriqueManager] TraiterXML() - [FIN] Traitement de la liste des periphériques terminé
2018-01-10 14:46:29,838 [1] INFO  SandBox.Program RecupererPeripheriques - [Main] RecupererPeripheriques() - Liste des peripherique:
2018-01-10 14:46:29,844 [1] INFO  SandBox.Program afficher - [PeripheriqueInfos]  Nom:Lecteur Ecran Clavier | type_port:PS2 | bit_seconde:0 | bit_donnees:0 | parite: | bit_arret: | controle_flux: | port: | webservice:http://localhost/safeware/ws_unis/WSDEVICE.asmx/ | ws_username:safeware | ws_password:B5Pxqukr9unnSk6/i6423Q== | traitement:BADGE | avant: | apres: | debut:0 | longueur:0 | longueur_max:0 | decoupe:0 | conversion:0
2018-01-10 14:46:29,850 [1] INFO  SandBox.Program afficher - [PeripheriqueInfos]  Nom:SWISS READER | type_port:PS2 | bit_seconde:0 | bit_donnees:0 | parite: | bit_arret: | controle_flux: | port: | webservice:http://localhost/safeware/ws_unis/WSDEVICE.asmx/ | ws_username:safeware | ws_password:B5Pxqukr9unnSk6/i6423Q== | traitement:SWISS_READER | avant: | apres: | debut:0 | longueur:0 | longueur_max:0 | decoupe:0 | conversion:0
2018-01-10 14:46:29,858 [1] INFO  SandBox.Program RecupererPeripheriques - [Main] RecupererPeripheriques() - [FIN] Récuperation périphériques terminée
2018-01-10 14:46:31,571 [1] DEBUG SandBox.Main webBrowser_Navigated - URL=http://localhost/safeware/telemaque_new/gestion/liste_accueil.asp
2018-01-10 14:46:31,595 [1] INFO  SandBox.Program webBrowser_DocumentCompleted - document completed=http://localhost/safeware/telemaque_new/gestion/liste_accueil.asp
2018-01-10 14:46:31,801 [1] DEBUG SandBox.Main webBrowser_Navigated - URL=http://localhost/safeware/telemaque_new/gestion/liste_accueil.asp
2018-01-10 14:46:31,805 [1] INFO  SandBox.Program webBrowser_DocumentCompleted - document completed=http://localhost/safeware/telemaque_new/gestion/alert.asp?export=true
2018-01-10 15:10:56,543 [1] DEBUG SandBox.Main webBrowser_Navigated - URL=http://localhost/safeware/telemaque_new/index.asp?quit=true
